#
# There is insufficient memory for the Java Runtime Environment to continue.
# Native memory allocation (malloc) failed to allocate 1205296 bytes. Error detail: Chunk::new
# Possible reasons:
#   The system is out of physical RAM or swap space
#   This process is running with CompressedOops enabled, and the Java Heap may be blocking the growth of the native heap
# Possible solutions:
#   Reduce memory load on the system
#   Increase physical memory or swap space
#   Check if swap backing store is full
#   Decrease Java heap size (-Xmx/-Xms)
#   Decrease number of Java threads
#   Decrease Java thread stack sizes (-Xss)
#   Set larger code cache with -XX:ReservedCodeCacheSize=
#   JVM is running with Unscaled Compressed Oops mode in which the Java heap is
#     placed in the first 4GB address space. The Java Heap base address is the
#     maximum limit for the native heap growth. Please use -XX:HeapBaseMinAddress
#     to set the Java Heap base and to place the Java Heap above 4GB virtual address.
# This output file may be truncated or incomplete.
#
#  Out of Memory Error (arena.cpp:168), pid=9556, tid=9612
#
# JRE version: OpenJDK Runtime Environment (21.0.5) (build 21.0.5+-12932927-b750.29)
# Java VM: OpenJDK 64-Bit Server VM (21.0.5+-12932927-b750.29, mixed mode, tiered, compressed oops, compressed class ptrs, g1 gc, windows-amd64)
# Core dump will be written. Default location: C:\Users\ibcmserver2025\Desktop\ibcm\IBCMSERVER_test\IBCMAndroid\hs_err_pid9556.mdmp
#

---------------  S U M M A R Y ------------

Command Line: --add-opens=java.base/java.util=ALL-UNNAMED --add-opens=java.base/java.lang=ALL-UNNAMED --add-opens=java.base/java.lang.invoke=ALL-UNNAMED --add-opens=java.prefs/java.util.prefs=ALL-UNNAMED --add-opens=java.base/java.nio.charset=ALL-UNNAMED --add-opens=java.base/java.net=ALL-UNNAMED --add-opens=java.base/java.util.concurrent.atomic=ALL-UNNAMED -Xmx2048m -Dfile.encoding=UTF-8 -Duser.country=US -Duser.language=en -Duser.variant -javaagent:C:\Users\ibcmserver2025\.gradle\wrapper\dists\gradle-8.2-bin\bbg7u40eoinfdyxsxr3z4i7ta\gradle-8.2\lib\agents\gradle-instrumentation-agent-8.2.jar org.gradle.launcher.daemon.bootstrap.GradleDaemon 8.2

Host: Intel(R) Xeon(R) CPU @ 2.20GHz, 2 cores, 3G,  Windows Server 2022 , 64 bit Build 26100 (10.0.26100.3323)
Time: Sun Mar 16 22:39:29 2025 Greenwich Standard Time elapsed time: 20.479043 seconds (0d 0h 0m 20s)

---------------  T H R E A D  ---------------

Current thread (0x00000151df85c200):  JavaThread "C2 CompilerThread0" daemon [_thread_in_native, id=9612, stack(0x0000003be7300000,0x0000003be7400000) (1024K)]


Current CompileTask:
C2:20479 2536       4       java.lang.invoke.MethodType::makeImpl (109 bytes)

Stack: [0x0000003be7300000,0x0000003be7400000]
Native frames: (J=compiled Java code, j=interpreted, Vv=VM code, C=native code)
V  [jvm.dll+0x6cfb29]
V  [jvm.dll+0x85ded3]
V  [jvm.dll+0x86042e]
V  [jvm.dll+0x860b13]
V  [jvm.dll+0x27e6b6]
V  [jvm.dll+0xbff6d]
V  [jvm.dll+0xc04a3]
V  [jvm.dll+0x3b5fc1]
V  [jvm.dll+0x1de664]
V  [jvm.dll+0x247db4]
V  [jvm.dll+0x247231]
V  [jvm.dll+0x1c5ee4]
V  [jvm.dll+0x25697c]
V  [jvm.dll+0x254ec6]
V  [jvm.dll+0x3f0ce6]
V  [jvm.dll+0x806368]
V  [jvm.dll+0x6ce3fd]
C  [ucrtbase.dll+0x37b0]
C  [KERNEL32.DLL+0x2e8d7]
C  [ntdll.dll+0xbbf6c]


---------------  P R O C E S S  ---------------

Threads class SMR info:
_java_thread_list=0x00000151e4a4abd0, length=23, elements={
0x00000151c68f61c0, 0x00000151df86f9c0, 0x00000151df872420, 0x00000151df5f9ac0,
0x00000151df5fa770, 0x00000151df85a6d0, 0x00000151df85b480, 0x00000151df85c200,
0x00000151df85eee0, 0x00000151df9d2350, 0x00000151dfb4d6f0, 0x00000151e4cf0160,
0x00000151e504d380, 0x00000151e4c33a50, 0x00000151e4eba5e0, 0x00000151e49105e0,
0x00000151e4911060, 0x00000151e4823560, 0x00000151e4821490, 0x00000151e4822840,
0x00000151e4822ed0, 0x00000151e4820e00, 0x00000151e48200e0
}

Java Threads: ( => current thread )
  0x00000151c68f61c0 JavaThread "main"                              [_thread_blocked, id=9848, stack(0x0000003be6500000,0x0000003be6600000) (1024K)]
  0x00000151df86f9c0 JavaThread "Reference Handler"          daemon [_thread_blocked, id=5088, stack(0x0000003be6d00000,0x0000003be6e00000) (1024K)]
  0x00000151df872420 JavaThread "Finalizer"                  daemon [_thread_blocked, id=2696, stack(0x0000003be6e00000,0x0000003be6f00000) (1024K)]
  0x00000151df5f9ac0 JavaThread "Signal Dispatcher"          daemon [_thread_blocked, id=7764, stack(0x0000003be6f00000,0x0000003be7000000) (1024K)]
  0x00000151df5fa770 JavaThread "Attach Listener"            daemon [_thread_blocked, id=8628, stack(0x0000003be7000000,0x0000003be7100000) (1024K)]
  0x00000151df85a6d0 JavaThread "Service Thread"             daemon [_thread_blocked, id=8588, stack(0x0000003be7100000,0x0000003be7200000) (1024K)]
  0x00000151df85b480 JavaThread "Monitor Deflation Thread"   daemon [_thread_blocked, id=6428, stack(0x0000003be7200000,0x0000003be7300000) (1024K)]
=>0x00000151df85c200 JavaThread "C2 CompilerThread0"         daemon [_thread_in_native, id=9612, stack(0x0000003be7300000,0x0000003be7400000) (1024K)]
  0x00000151df85eee0 JavaThread "C1 CompilerThread0"         daemon [_thread_blocked, id=7736, stack(0x0000003be7400000,0x0000003be7500000) (1024K)]
  0x00000151df9d2350 JavaThread "Common-Cleaner"             daemon [_thread_blocked, id=9528, stack(0x0000003be7500000,0x0000003be7600000) (1024K)]
  0x00000151dfb4d6f0 JavaThread "Notification Thread"        daemon [_thread_blocked, id=6236, stack(0x0000003be7600000,0x0000003be7700000) (1024K)]
  0x00000151e4cf0160 JavaThread "Daemon health stats"               [_thread_blocked, id=6580, stack(0x0000003be7800000,0x0000003be7900000) (1024K)]
  0x00000151e504d380 JavaThread "Incoming local TCP Connector on port 52582"        [_thread_in_native, id=768, stack(0x0000003be7900000,0x0000003be7a00000) (1024K)]
  0x00000151e4c33a50 JavaThread "Daemon periodic checks"            [_thread_blocked, id=3708, stack(0x0000003be7a00000,0x0000003be7b00000) (1024K)]
  0x00000151e4eba5e0 JavaThread "Daemon"                            [_thread_blocked, id=3808, stack(0x0000003be7b00000,0x0000003be7c00000) (1024K)]
  0x00000151e49105e0 JavaThread "Handler for socket connection from /127.0.0.1:52582 to /127.0.0.1:52584"        [_thread_in_native, id=7296, stack(0x0000003be7c00000,0x0000003be7d00000) (1024K)]
  0x00000151e4911060 JavaThread "Cancel handler"                    [_thread_blocked, id=1232, stack(0x0000003be7d00000,0x0000003be7e00000) (1024K)]
  0x00000151e4823560 JavaThread "Daemon worker"                     [_thread_in_native, id=9644, stack(0x0000003be7e00000,0x0000003be7f00000) (1024K)]
  0x00000151e4821490 JavaThread "Asynchronous log dispatcher for DefaultDaemonConnection: socket connection from /127.0.0.1:52582 to /127.0.0.1:52584"        [_thread_blocked, id=6420, stack(0x0000003be7f00000,0x0000003be8000000) (1024K)]
  0x00000151e4822840 JavaThread "Stdin handler"                     [_thread_blocked, id=8012, stack(0x0000003be8000000,0x0000003be8100000) (1024K)]
  0x00000151e4822ed0 JavaThread "Daemon client event forwarder"        [_thread_blocked, id=4216, stack(0x0000003be8100000,0x0000003be8200000) (1024K)]
  0x00000151e4820e00 JavaThread "Cache worker for journal cache (C:\Users\ibcmserver2025\.gradle\caches\journal-1)"        [_thread_blocked, id=4832, stack(0x0000003be8200000,0x0000003be8300000) (1024K)]
  0x00000151e48200e0 JavaThread "File lock request listener"        [_thread_in_native, id=8120, stack(0x0000003be8300000,0x0000003be8400000) (1024K)]
Total: 23

Other Threads:
  0x00000151df58c3d0 VMThread "VM Thread"                           [id=10144, stack(0x0000003be6c00000,0x0000003be6d00000) (1024K)]
  0x00000151df5221d0 WatcherThread "VM Periodic Task Thread"        [id=2496, stack(0x0000003be6b00000,0x0000003be6c00000) (1024K)]
  0x00000151c8452430 WorkerThread "GC Thread#0"                     [id=6688, stack(0x0000003be6600000,0x0000003be6700000) (1024K)]
  0x00000151e4009fa0 WorkerThread "GC Thread#1"                     [id=9024, stack(0x0000003be7700000,0x0000003be7800000) (1024K)]
  0x00000151c8463320 ConcurrentGCThread "G1 Main Marker"            [id=1628, stack(0x0000003be6700000,0x0000003be6800000) (1024K)]
  0x00000151c8463d30 WorkerThread "G1 Conc#0"                       [id=7848, stack(0x0000003be6800000,0x0000003be6900000) (1024K)]
  0x00000151c84b4e10 ConcurrentGCThread "G1 Refine#0"               [id=2776, stack(0x0000003be6900000,0x0000003be6a00000) (1024K)]
  0x00000151c84b66d0 ConcurrentGCThread "G1 Service"                [id=7112, stack(0x0000003be6a00000,0x0000003be6b00000) (1024K)]
Total: 8

Threads with active compile tasks:
C2 CompilerThread0  20531 2536       4       java.lang.invoke.MethodType::makeImpl (109 bytes)
Total: 1

VM state: not at safepoint (normal execution)

VM Mutex/Monitor currently owned by a thread: None

Heap address: 0x0000000080000000, size: 2048 MB, Compressed Oops mode: 32-bit

CDS archive(s) not mapped
Compressed class space mapped at: 0x0000000100000000-0x0000000140000000, reserved size: 1073741824
Narrow klass base: 0x0000000000000000, Narrow klass shift: 3, Narrow klass range: 0x140000000

GC Precious Log:
 CardTable entry size: 512
 Card Set container configuration: InlinePtr #cards 5 size 8 Array Of Cards #cards 12 size 40 Howl #buckets 4 coarsen threshold 1843 Howl Bitmap #cards 512 size 80 coarsen threshold 460 Card regions per heap region 1 cards per card region 2048
 CPUs: 2 total, 2 available
 Memory: 4092M
 Large Page Support: Disabled
 NUMA Support: Disabled
 Compressed Oops: Enabled (32-bit)
 Heap Region Size: 1M
 Heap Min Capacity: 8M
 Heap Initial Capacity: 64M
 Heap Max Capacity: 2G
 Pre-touch: Disabled
 Parallel Workers: 2
 Concurrent Workers: 1
 Concurrent Refinement Workers: 2
 Periodic GC: Disabled

Heap:
 garbage-first heap   total 65536K, used 42841K [0x0000000080000000, 0x0000000100000000)
  region size 1024K, 25 young (25600K), 2 survivors (2048K)
 Metaspace       used 25250K, committed 25792K, reserved 1114112K
  class space    used 3070K, committed 3328K, reserved 1048576K

Heap Regions: E=young(eden), S=young(survivor), O=old, HS=humongous(starts), HC=humongous(continues), CS=collection set, F=free, TAMS=top-at-mark-start, PB=parsable bottom
|   0|0x0000000080000000, 0x0000000080100000, 0x0000000080100000|100%| O|  |TAMS 0x0000000080000000| PB 0x0000000080000000| Untracked 
|   1|0x0000000080100000, 0x0000000080200000, 0x0000000080200000|100%| O|Cm|TAMS 0x0000000080100000| PB 0x0000000080100000| Complete 
|   2|0x0000000080200000, 0x0000000080300000, 0x0000000080300000|100%| O|  |TAMS 0x0000000080200000| PB 0x0000000080200000| Untracked 
|   3|0x0000000080300000, 0x0000000080400000, 0x0000000080400000|100%|HS|  |TAMS 0x0000000080300000| PB 0x0000000080300000| Complete 
|   4|0x0000000080400000, 0x0000000080500000, 0x0000000080500000|100%|HC|  |TAMS 0x0000000080400000| PB 0x0000000080400000| Complete 
|   5|0x0000000080500000, 0x0000000080600000, 0x0000000080600000|100%|HC|  |TAMS 0x0000000080500000| PB 0x0000000080500000| Complete 
|   6|0x0000000080600000, 0x0000000080700000, 0x0000000080700000|100%|HC|  |TAMS 0x0000000080600000| PB 0x0000000080600000| Complete 
|   7|0x0000000080700000, 0x0000000080800000, 0x0000000080800000|100%| O|  |TAMS 0x0000000080700000| PB 0x0000000080700000| Untracked 
|   8|0x0000000080800000, 0x0000000080900000, 0x0000000080900000|100%| O|  |TAMS 0x0000000080800000| PB 0x0000000080800000| Untracked 
|   9|0x0000000080900000, 0x0000000080a00000, 0x0000000080a00000|100%| O|  |TAMS 0x0000000080900000| PB 0x0000000080900000| Untracked 
|  10|0x0000000080a00000, 0x0000000080b00000, 0x0000000080b00000|100%| O|  |TAMS 0x0000000080a00000| PB 0x0000000080a00000| Untracked 
|  11|0x0000000080b00000, 0x0000000080c00000, 0x0000000080c00000|100%| O|  |TAMS 0x0000000080b00000| PB 0x0000000080b00000| Untracked 
|  12|0x0000000080c00000, 0x0000000080d00000, 0x0000000080d00000|100%| O|  |TAMS 0x0000000080c00000| PB 0x0000000080c00000| Untracked 
|  13|0x0000000080d00000, 0x0000000080e00000, 0x0000000080e00000|100%| O|  |TAMS 0x0000000080d00000| PB 0x0000000080d00000| Untracked 
|  14|0x0000000080e00000, 0x0000000080f00000, 0x0000000080f00000|100%| O|  |TAMS 0x0000000080e00000| PB 0x0000000080e00000| Untracked 
|  15|0x0000000080f00000, 0x0000000081000000, 0x0000000081000000|100%| O|  |TAMS 0x0000000080f00000| PB 0x0000000080f00000| Untracked 
|  16|0x0000000081000000, 0x0000000081100000, 0x0000000081100000|100%| O|  |TAMS 0x0000000081000000| PB 0x0000000081000000| Untracked 
|  17|0x0000000081100000, 0x0000000081200000, 0x0000000081200000|100%| O|  |TAMS 0x0000000081100000| PB 0x0000000081100000| Untracked 
|  18|0x0000000081200000, 0x0000000081200000, 0x0000000081300000|  0%| F|  |TAMS 0x0000000081200000| PB 0x0000000081200000| Untracked 
|  19|0x0000000081300000, 0x0000000081300000, 0x0000000081400000|  0%| F|  |TAMS 0x0000000081300000| PB 0x0000000081300000| Untracked 
|  20|0x0000000081400000, 0x0000000081400000, 0x0000000081500000|  0%| F|  |TAMS 0x0000000081400000| PB 0x0000000081400000| Untracked 
|  21|0x0000000081500000, 0x0000000081500000, 0x0000000081600000|  0%| F|  |TAMS 0x0000000081500000| PB 0x0000000081500000| Untracked 
|  22|0x0000000081600000, 0x0000000081600000, 0x0000000081700000|  0%| F|  |TAMS 0x0000000081600000| PB 0x0000000081600000| Untracked 
|  23|0x0000000081700000, 0x0000000081700000, 0x0000000081800000|  0%| F|  |TAMS 0x0000000081700000| PB 0x0000000081700000| Untracked 
|  24|0x0000000081800000, 0x0000000081800000, 0x0000000081900000|  0%| F|  |TAMS 0x0000000081800000| PB 0x0000000081800000| Untracked 
|  25|0x0000000081900000, 0x0000000081900000, 0x0000000081a00000|  0%| F|  |TAMS 0x0000000081900000| PB 0x0000000081900000| Untracked 
|  26|0x0000000081a00000, 0x0000000081a00000, 0x0000000081b00000|  0%| F|  |TAMS 0x0000000081a00000| PB 0x0000000081a00000| Untracked 
|  27|0x0000000081b00000, 0x0000000081b00000, 0x0000000081c00000|  0%| F|  |TAMS 0x0000000081b00000| PB 0x0000000081b00000| Untracked 
|  28|0x0000000081c00000, 0x0000000081c00000, 0x0000000081d00000|  0%| F|  |TAMS 0x0000000081c00000| PB 0x0000000081c00000| Untracked 
|  29|0x0000000081d00000, 0x0000000081d00000, 0x0000000081e00000|  0%| F|  |TAMS 0x0000000081d00000| PB 0x0000000081d00000| Untracked 
|  30|0x0000000081e00000, 0x0000000081e00000, 0x0000000081f00000|  0%| F|  |TAMS 0x0000000081e00000| PB 0x0000000081e00000| Untracked 
|  31|0x0000000081f00000, 0x0000000081f00000, 0x0000000082000000|  0%| F|  |TAMS 0x0000000081f00000| PB 0x0000000081f00000| Untracked 
|  32|0x0000000082000000, 0x0000000082000000, 0x0000000082100000|  0%| F|  |TAMS 0x0000000082000000| PB 0x0000000082000000| Untracked 
|  33|0x0000000082100000, 0x0000000082100000, 0x0000000082200000|  0%| F|  |TAMS 0x0000000082100000| PB 0x0000000082100000| Untracked 
|  34|0x0000000082200000, 0x0000000082200000, 0x0000000082300000|  0%| F|  |TAMS 0x0000000082200000| PB 0x0000000082200000| Untracked 
|  35|0x0000000082300000, 0x0000000082300000, 0x0000000082400000|  0%| F|  |TAMS 0x0000000082300000| PB 0x0000000082300000| Untracked 
|  36|0x0000000082400000, 0x0000000082400000, 0x0000000082500000|  0%| F|  |TAMS 0x0000000082400000| PB 0x0000000082400000| Untracked 
|  37|0x0000000082500000, 0x0000000082500000, 0x0000000082600000|  0%| F|  |TAMS 0x0000000082500000| PB 0x0000000082500000| Untracked 
|  38|0x0000000082600000, 0x0000000082600000, 0x0000000082700000|  0%| F|  |TAMS 0x0000000082600000| PB 0x0000000082600000| Untracked 
|  39|0x0000000082700000, 0x000000008277afa0, 0x0000000082800000| 48%| E|  |TAMS 0x0000000082700000| PB 0x0000000082700000| Complete 
|  40|0x0000000082800000, 0x0000000082900000, 0x0000000082900000|100%| E|CS|TAMS 0x0000000082800000| PB 0x0000000082800000| Complete 
|  41|0x0000000082900000, 0x0000000082a00000, 0x0000000082a00000|100%| E|CS|TAMS 0x0000000082900000| PB 0x0000000082900000| Complete 
|  42|0x0000000082a00000, 0x0000000082b00000, 0x0000000082b00000|100%| E|CS|TAMS 0x0000000082a00000| PB 0x0000000082a00000| Complete 
|  43|0x0000000082b00000, 0x0000000082c00000, 0x0000000082c00000|100%| E|CS|TAMS 0x0000000082b00000| PB 0x0000000082b00000| Complete 
|  44|0x0000000082c00000, 0x0000000082d00000, 0x0000000082d00000|100%| E|CS|TAMS 0x0000000082c00000| PB 0x0000000082c00000| Complete 
|  45|0x0000000082d00000, 0x0000000082e00000, 0x0000000082e00000|100%| E|CS|TAMS 0x0000000082d00000| PB 0x0000000082d00000| Complete 
|  46|0x0000000082e00000, 0x0000000082ed64a0, 0x0000000082f00000| 83%| S|CS|TAMS 0x0000000082e00000| PB 0x0000000082e00000| Complete 
|  47|0x0000000082f00000, 0x0000000083000000, 0x0000000083000000|100%| S|CS|TAMS 0x0000000082f00000| PB 0x0000000082f00000| Complete 
|  48|0x0000000083000000, 0x0000000083100000, 0x0000000083100000|100%| E|CS|TAMS 0x0000000083000000| PB 0x0000000083000000| Complete 
|  49|0x0000000083100000, 0x0000000083200000, 0x0000000083200000|100%| E|CS|TAMS 0x0000000083100000| PB 0x0000000083100000| Complete 
|  50|0x0000000083200000, 0x0000000083300000, 0x0000000083300000|100%| E|CS|TAMS 0x0000000083200000| PB 0x0000000083200000| Complete 
|  51|0x0000000083300000, 0x0000000083400000, 0x0000000083400000|100%| E|CS|TAMS 0x0000000083300000| PB 0x0000000083300000| Complete 
|  52|0x0000000083400000, 0x0000000083500000, 0x0000000083500000|100%| E|CS|TAMS 0x0000000083400000| PB 0x0000000083400000| Complete 
|  53|0x0000000083500000, 0x0000000083600000, 0x0000000083600000|100%| E|CS|TAMS 0x0000000083500000| PB 0x0000000083500000| Complete 
|  54|0x0000000083600000, 0x0000000083700000, 0x0000000083700000|100%| E|CS|TAMS 0x0000000083600000| PB 0x0000000083600000| Complete 
|  55|0x0000000083700000, 0x0000000083800000, 0x0000000083800000|100%| E|CS|TAMS 0x0000000083700000| PB 0x0000000083700000| Complete 
|  56|0x0000000083800000, 0x0000000083900000, 0x0000000083900000|100%| E|CS|TAMS 0x0000000083800000| PB 0x0000000083800000| Complete 
|  57|0x0000000083900000, 0x0000000083a00000, 0x0000000083a00000|100%| E|CS|TAMS 0x0000000083900000| PB 0x0000000083900000| Complete 
|  58|0x0000000083a00000, 0x0000000083b00000, 0x0000000083b00000|100%| E|CS|TAMS 0x0000000083a00000| PB 0x0000000083a00000| Complete 
|  59|0x0000000083b00000, 0x0000000083c00000, 0x0000000083c00000|100%| E|CS|TAMS 0x0000000083b00000| PB 0x0000000083b00000| Complete 
|  60|0x0000000083c00000, 0x0000000083d00000, 0x0000000083d00000|100%| E|CS|TAMS 0x0000000083c00000| PB 0x0000000083c00000| Complete 
|  61|0x0000000083d00000, 0x0000000083e00000, 0x0000000083e00000|100%| E|CS|TAMS 0x0000000083d00000| PB 0x0000000083d00000| Complete 
|  62|0x0000000083e00000, 0x0000000083f00000, 0x0000000083f00000|100%| E|CS|TAMS 0x0000000083e00000| PB 0x0000000083e00000| Complete 
|  63|0x0000000083f00000, 0x0000000084000000, 0x0000000084000000|100%| E|CS|TAMS 0x0000000083f00000| PB 0x0000000083f00000| Complete 

Card table byte_map: [0x00000151dade0000,0x00000151db1e0000] _byte_map_base: 0x00000151da9e0000

Marking Bits: (CMBitMap*) 0x00000151c8452a40
 Bits: [0x00000151db1e0000, 0x00000151dd1e0000)

Polling page: 0x00000151c6b20000

Metaspace:

Usage:
  Non-class:     21.66 MB used.
      Class:      3.00 MB used.
       Both:     24.66 MB used.

Virtual space:
  Non-class space:       64.00 MB reserved,      21.94 MB ( 34%) committed,  1 nodes.
      Class space:        1.00 GB reserved,       3.25 MB ( <1%) committed,  1 nodes.
             Both:        1.06 GB reserved,      25.19 MB (  2%) committed. 

Chunk freelists:
   Non-Class:  9.92 MB
       Class:  12.59 MB
        Both:  22.52 MB

MaxMetaspaceSize: unlimited
CompressedClassSpaceSize: 1.00 GB
Initial GC threshold: 21.00 MB
Current GC threshold: 35.12 MB
CDS: off
 - commit_granule_bytes: 65536.
 - commit_granule_words: 8192.
 - virtual_space_node_default_size: 8388608.
 - enlarge_chunks_in_place: 1.
 - use_allocation_guard: 0.


Internal statistics:

num_allocs_failed_limit: 3.
num_arena_births: 560.
num_arena_deaths: 0.
num_vsnodes_births: 2.
num_vsnodes_deaths: 0.
num_space_committed: 403.
num_space_uncommitted: 0.
num_chunks_returned_to_freelist: 3.
num_chunks_taken_from_freelist: 1112.
num_chunk_merges: 0.
num_chunk_splits: 728.
num_chunks_enlarged: 504.
num_inconsistent_stats: 0.

CodeHeap 'non-profiled nmethods': size=120064Kb used=1224Kb max_used=1224Kb free=118839Kb
 bounds [0x00000151d30a0000, 0x00000151d3310000, 0x00000151da5e0000]
CodeHeap 'profiled nmethods': size=120000Kb used=5135Kb max_used=5135Kb free=114864Kb
 bounds [0x00000151cb5e0000, 0x00000151cbaf0000, 0x00000151d2b10000]
CodeHeap 'non-nmethods': size=5696Kb used=1469Kb max_used=1471Kb free=4226Kb
 bounds [0x00000151d2b10000, 0x00000151d2d80000, 0x00000151d30a0000]
 total_blobs=3152 nmethods=2583 adapters=473
 compilation: enabled
              stopped_count=0, restarted_count=0
 full_count=0

Compilation events (20 events):
Event: 19.041 Thread 0x00000151df85eee0 2576       3       java.lang.Package::<init> (47 bytes)
Event: 19.041 Thread 0x00000151df85eee0 nmethod 2576 0x00000151cbae1f90 code [0x00000151cbae2180, 0x00000151cbae25d0]
Event: 19.262 Thread 0x00000151df85eee0 2577       3       java.util.concurrent.locks.ReentrantLock$Sync::isHeldExclusively (16 bytes)
Event: 20.267 Thread 0x00000151df85eee0 nmethod 2577 0x00000151cbae2810 code [0x00000151cbae29c0, 0x00000151cbae2b50]
Event: 20.267 Thread 0x00000151df85eee0 2578       3       java.util.concurrent.locks.AbstractQueuedSynchronizer$ConditionObject::canReacquire (38 bytes)
Event: 20.268 Thread 0x00000151df85eee0 nmethod 2578 0x00000151cbae2c10 code [0x00000151cbae2de0, 0x00000151cbae3128]
Event: 20.268 Thread 0x00000151df85eee0 2579       3       java.util.Collection::stream (11 bytes)
Event: 20.268 Thread 0x00000151df85eee0 nmethod 2579 0x00000151cbae3290 code [0x00000151cbae3440, 0x00000151cbae3638]
Event: 20.268 Thread 0x00000151df85eee0 2580       1       javax.management.ObjectName$Property::setKeyIndex (6 bytes)
Event: 20.268 Thread 0x00000151df85eee0 nmethod 2580 0x00000151d31d1090 code [0x00000151d31d1220, 0x00000151d31d12e8]
Event: 20.268 Thread 0x00000151df85eee0 2581       1       java.util.Spliterators$EmptySpliterator::characteristics (4 bytes)
Event: 20.268 Thread 0x00000151df85eee0 nmethod 2581 0x00000151d31d1390 code [0x00000151d31d1520, 0x00000151d31d15e8]
Event: 20.285 Thread 0x00000151df85eee0 2584       1       sun.reflect.generics.repository.AbstractRepository::getFactory (5 bytes)
Event: 20.286 Thread 0x00000151df85eee0 nmethod 2584 0x00000151d31d1690 code [0x00000151d31d1820, 0x00000151d31d18e8]
Event: 20.299 Thread 0x00000151df85eee0 2585       1       java.lang.reflect.Constructor::getRoot (5 bytes)
Event: 20.299 Thread 0x00000151df85eee0 nmethod 2585 0x00000151d31d1990 code [0x00000151d31d1b20, 0x00000151d31d1be8]
Event: 20.299 Thread 0x00000151df85eee0 2586       3       java.lang.Thread::isVirtual (5 bytes)
Event: 20.300 Thread 0x00000151df85eee0 nmethod 2586 0x00000151cbae3710 code [0x00000151cbae38c0, 0x00000151cbae3ab0]
Event: 20.457 Thread 0x00000151df85eee0 2588       3       java.util.concurrent.TimeUnit::toNanos (45 bytes)
Event: 20.458 Thread 0x00000151df85eee0 nmethod 2588 0x00000151cbae3b10 code [0x00000151cbae3cc0, 0x00000151cbae3f10]

GC Heap History (12 events):
Event: 1.284 GC heap before
{Heap before GC invocations=0 (full 0):
 garbage-first heap   total 65536K, used 5120K [0x0000000080000000, 0x0000000100000000)
  region size 1024K, 6 young (6144K), 0 survivors (0K)
 Metaspace       used 7313K, committed 7424K, reserved 1114112K
  class space    used 665K, committed 704K, reserved 1048576K
}
Event: 1.290 GC heap after
{Heap after GC invocations=1 (full 0):
 garbage-first heap   total 65536K, used 1408K [0x0000000080000000, 0x0000000100000000)
  region size 1024K, 1 young (1024K), 1 survivors (1024K)
 Metaspace       used 7313K, committed 7424K, reserved 1114112K
  class space    used 665K, committed 704K, reserved 1048576K
}
Event: 1.993 GC heap before
{Heap before GC invocations=1 (full 0):
 garbage-first heap   total 65536K, used 6528K [0x0000000080000000, 0x0000000100000000)
  region size 1024K, 7 young (7168K), 1 survivors (1024K)
 Metaspace       used 7903K, committed 8064K, reserved 1114112K
  class space    used 712K, committed 768K, reserved 1048576K
}
Event: 1.997 GC heap after
{Heap after GC invocations=2 (full 0):
 garbage-first heap   total 65536K, used 3884K [0x0000000080000000, 0x0000000100000000)
  region size 1024K, 1 young (1024K), 1 survivors (1024K)
 Metaspace       used 7903K, committed 8064K, reserved 1114112K
  class space    used 712K, committed 768K, reserved 1048576K
}
Event: 7.472 GC heap before
{Heap before GC invocations=2 (full 0):
 garbage-first heap   total 65536K, used 19244K [0x0000000080000000, 0x0000000100000000)
  region size 1024K, 13 young (13312K), 1 survivors (1024K)
 Metaspace       used 10889K, committed 11072K, reserved 1114112K
  class space    used 1120K, committed 1216K, reserved 1048576K
}
Event: 7.480 GC heap after
{Heap after GC invocations=3 (full 0):
 garbage-first heap   total 65536K, used 11369K [0x0000000080000000, 0x0000000100000000)
  region size 1024K, 2 young (2048K), 2 survivors (2048K)
 Metaspace       used 10889K, committed 11072K, reserved 1114112K
  class space    used 1120K, committed 1216K, reserved 1048576K
}
Event: 8.722 GC heap before
{Heap before GC invocations=3 (full 0):
 garbage-first heap   total 65536K, used 24681K [0x0000000080000000, 0x0000000100000000)
  region size 1024K, 15 young (15360K), 2 survivors (2048K)
 Metaspace       used 11885K, committed 12032K, reserved 1114112K
  class space    used 1234K, committed 1280K, reserved 1048576K
}
Event: 8.727 GC heap after
{Heap after GC invocations=4 (full 0):
 garbage-first heap   total 65536K, used 11714K [0x0000000080000000, 0x0000000100000000)
  region size 1024K, 1 young (1024K), 1 survivors (1024K)
 Metaspace       used 11885K, committed 12032K, reserved 1114112K
  class space    used 1234K, committed 1280K, reserved 1048576K
}
Event: 14.001 GC heap before
{Heap before GC invocations=4 (full 0):
 garbage-first heap   total 65536K, used 46530K [0x0000000080000000, 0x0000000100000000)
  region size 1024K, 35 young (35840K), 1 survivors (1024K)
 Metaspace       used 16799K, committed 17088K, reserved 1114112K
  class space    used 1911K, committed 2048K, reserved 1048576K
}
Event: 14.022 GC heap after
{Heap after GC invocations=5 (full 0):
 garbage-first heap   total 65536K, used 17730K [0x0000000080000000, 0x0000000100000000)
  region size 1024K, 5 young (5120K), 5 survivors (5120K)
 Metaspace       used 16799K, committed 17088K, reserved 1114112K
  class space    used 1911K, committed 2048K, reserved 1048576K
}
Event: 16.677 GC heap before
{Heap before GC invocations=5 (full 0):
 garbage-first heap   total 65536K, used 33090K [0x0000000080000000, 0x0000000100000000)
  region size 1024K, 21 young (21504K), 5 survivors (5120K)
 Metaspace       used 21214K, committed 21504K, reserved 1114112K
  class space    used 2453K, committed 2624K, reserved 1048576K
}
Event: 16.698 GC heap after
{Heap after GC invocations=6 (full 0):
 garbage-first heap   total 65536K, used 20313K [0x0000000080000000, 0x0000000100000000)
  region size 1024K, 2 young (2048K), 2 survivors (2048K)
 Metaspace       used 21214K, committed 21504K, reserved 1114112K
  class space    used 2453K, committed 2624K, reserved 1048576K
}

Dll operation events (3 events):
Event: 0.019 Loaded shared library C:\Program Files\Android\Android Studio\jbr\bin\java.dll
Event: 0.029 Loaded shared library C:\Program Files\Android\Android Studio\jbr\bin\zip.dll
Event: 2.024 Loaded shared library C:\Program Files\Android\Android Studio\jbr\bin\verify.dll

Deoptimization events (20 events):
Event: 17.786 Thread 0x00000151e4823560 Uncommon trap: trap_request=0xffffffde fr.pc=0x00000151d31590e4 relative=0x0000000000000304
Event: 17.786 Thread 0x00000151e4823560 Uncommon trap: reason=class_check action=maybe_recompile pc=0x00000151d31590e4 method=java.util.regex.Pattern$BmpCharPropertyGreedy.match(Ljava/util/regex/Matcher;ILjava/lang/CharSequence;)Z @ 26 c2
Event: 17.786 Thread 0x00000151e4823560 DEOPT PACKING pc=0x00000151d31590e4 sp=0x0000003be7efc350
Event: 17.786 Thread 0x00000151e4823560 DEOPT UNPACKING pc=0x00000151d2b646a2 sp=0x0000003be7efc308 mode 2
Event: 17.786 Thread 0x00000151e4823560 Uncommon trap: trap_request=0xffffffde fr.pc=0x00000151d31590e4 relative=0x0000000000000304
Event: 17.786 Thread 0x00000151e4823560 Uncommon trap: reason=class_check action=maybe_recompile pc=0x00000151d31590e4 method=java.util.regex.Pattern$BmpCharPropertyGreedy.match(Ljava/util/regex/Matcher;ILjava/lang/CharSequence;)Z @ 26 c2
Event: 17.786 Thread 0x00000151e4823560 DEOPT PACKING pc=0x00000151d31590e4 sp=0x0000003be7efc2c0
Event: 17.786 Thread 0x00000151e4823560 DEOPT UNPACKING pc=0x00000151d2b646a2 sp=0x0000003be7efc278 mode 2
Event: 18.269 Thread 0x00000151e4823560 Uncommon trap: trap_request=0xffffff45 fr.pc=0x00000151d312f804 relative=0x00000000000007a4
Event: 18.269 Thread 0x00000151e4823560 Uncommon trap: reason=unstable_if action=reinterpret pc=0x00000151d312f804 method=java.util.ArrayList.grow(I)[Ljava/lang/Object; @ 17 c2
Event: 18.269 Thread 0x00000151e4823560 DEOPT PACKING pc=0x00000151d312f804 sp=0x0000003be7efd140
Event: 18.269 Thread 0x00000151e4823560 DEOPT UNPACKING pc=0x00000151d2b646a2 sp=0x0000003be7efcfd8 mode 2
Event: 18.466 Thread 0x00000151e4823560 Uncommon trap: trap_request=0xffffff45 fr.pc=0x00000151d30cb22c relative=0x0000000000000d2c
Event: 18.466 Thread 0x00000151e4823560 Uncommon trap: reason=unstable_if action=reinterpret pc=0x00000151d30cb22c method=java.io.WinNTFileSystem.resolve(Ljava/lang/String;Ljava/lang/String;)Ljava/lang/String; @ 19 c2
Event: 18.466 Thread 0x00000151e4823560 DEOPT PACKING pc=0x00000151d30cb22c sp=0x0000003be7efce90
Event: 18.466 Thread 0x00000151e4823560 DEOPT UNPACKING pc=0x00000151d2b646a2 sp=0x0000003be7efce28 mode 2
Event: 18.469 Thread 0x00000151e4823560 Uncommon trap: trap_request=0xffffff45 fr.pc=0x00000151d31209a0 relative=0x0000000000000640
Event: 18.469 Thread 0x00000151e4823560 Uncommon trap: reason=unstable_if action=reinterpret pc=0x00000151d31209a0 method=java.io.File.getName()Ljava/lang/String; @ 16 c2
Event: 18.469 Thread 0x00000151e4823560 DEOPT PACKING pc=0x00000151d31209a0 sp=0x0000003be7efce40
Event: 18.469 Thread 0x00000151e4823560 DEOPT UNPACKING pc=0x00000151d2b646a2 sp=0x0000003be7efce10 mode 2

Classes loaded (20 events):
Event: 18.722 Loading class java/lang/invoke/BoundMethodHandle$Species_LLLLLLLLLLLLLLLLLLLLL
Event: 18.722 Loading class java/lang/invoke/BoundMethodHandle$Species_LLLLLLLLLLLLLLLLLLLLL done
Event: 18.725 Loading class java/lang/invoke/BoundMethodHandle$Species_LLLLLLLLLLLLLLLLLLLLLL
Event: 18.725 Loading class java/lang/invoke/BoundMethodHandle$Species_LLLLLLLLLLLLLLLLLLLLLL done
Event: 18.922 Loading class java/io/ObjectInputStream
Event: 18.923 Loading class java/io/ObjectInput
Event: 18.924 Loading class java/io/ObjectInput done
Event: 18.924 Loading class java/io/ObjectStreamConstants
Event: 18.924 Loading class java/io/ObjectStreamConstants done
Event: 18.924 Loading class java/io/ObjectInputStream done
Event: 18.925 Loading class java/io/ObjectOutputStream
Event: 18.925 Loading class java/io/ObjectOutput
Event: 18.926 Loading class java/io/ObjectOutput done
Event: 18.926 Loading class java/io/ObjectOutputStream done
Event: 18.927 Loading class java/io/ObjectOutputStream$BlockDataOutputStream
Event: 18.927 Loading class java/io/ObjectOutputStream$BlockDataOutputStream done
Event: 18.927 Loading class java/io/ObjectOutputStream$HandleTable
Event: 18.927 Loading class java/io/ObjectOutputStream$HandleTable done
Event: 18.927 Loading class java/io/ObjectOutputStream$ReplaceTable
Event: 18.927 Loading class java/io/ObjectOutputStream$ReplaceTable done

Classes unloaded (0 events):
No events

Classes redefined (0 events):
No events

Internal exceptions (20 events):
Event: 17.778 Thread 0x00000151e4823560 Exception <a 'java/lang/NoSuchMethodError'{0x00000000835aaa68}: 'void java.lang.invoke.DirectMethodHandle$Holder.invokeInterface(java.lang.Object, java.lang.Object)'> (0x00000000835aaa68) 
thrown [s\src\hotspot\share\interpreter\linkResolver.cpp, line 784]
Event: 17.779 Thread 0x00000151e4823560 Exception <a 'java/lang/IncompatibleClassChangeError'{0x00000000835adfe8}: Found class java.lang.Object, but interface was expected> (0x00000000835adfe8) 
thrown [s\src\hotspot\share\interpreter\linkResolver.cpp, line 851]
Event: 17.797 Thread 0x00000151e4823560 Exception <a 'java/lang/NoSuchMethodError'{0x0000000083422020}: 'void java.lang.invoke.DirectMethodHandle$Holder.invokeStaticInit(java.lang.Object)'> (0x0000000083422020) 
thrown [s\src\hotspot\share\interpreter\linkResolver.cpp, line 784]
Event: 17.959 Thread 0x00000151e4823560 Exception <a 'java/lang/NoSuchMethodError'{0x00000000834c7a00}: 'java.lang.Object java.lang.invoke.DirectMethodHandle$Holder.newInvokeSpecial(java.lang.Object, java.lang.Object, java.lang.Object, int)'> (0x00000000834c7a00) 
thrown [s\src\hotspot\share\interpreter\linkResolver.cpp, line 784]
Event: 17.966 Thread 0x00000151e4823560 Exception <a 'java/lang/NoSuchMethodError'{0x00000000834cc1a8}: 'java.lang.Object java.lang.invoke.DirectMethodHandle$Holder.invokeSpecial(java.lang.Object, java.lang.Object, java.lang.Object, java.lang.Object, int)'> (0x00000000834cc1a8) 
thrown [s\src\hotspot\share\interpreter\linkResolver.cpp, line 784]
Event: 17.967 Thread 0x00000151e4823560 Exception <a 'java/lang/NoSuchMethodError'{0x00000000834d0070}: 'java.lang.Object java.lang.invoke.Invokers$Holder.linkToTargetMethod(java.lang.Object, java.lang.Object, int, java.lang.Object)'> (0x00000000834d0070) 
thrown [s\src\hotspot\share\interpreter\linkResolver.cpp, line 784]
Event: 18.277 Thread 0x00000151e4823560 Exception <a 'java/lang/NoSuchMethodError'{0x00000000832f6268}: 'java.lang.Object java.lang.invoke.DirectMethodHandle$Holder.invokeVirtual(java.lang.Object, java.lang.Object, java.lang.Object, java.lang.Object, java.lang.Object, java.lang.Object, java.lang.Object, java.lang.Object, java.lang.Object)'> (0x00000000832f6268) 
thrown [s\src\hotspot\share\interpreter\linkResolver.cpp, line 784]
Event: 18.460 Thread 0x00000151e4823560 Exception <a 'java/lang/NoSuchMethodError'{0x0000000083016cb8}: 'java.lang.Object java.lang.invoke.DirectMethodHandle$Holder.invokeVirtual(java.lang.Object, java.lang.Object, java.lang.Object, java.lang.Object, java.lang.Object, java.lang.Object, java.lang.Object, java.lang.Object, java.lang.Object, java.lang.Object)'> (0x0000000083016cb8) 
thrown [s\src\hotspot\share\interpreter\linkResolver.cpp, line 784]
Event: 18.525 Thread 0x00000151e4823560 Exception <a 'java/lang/NoSuchMethodError'{0x0000000082da4448}: 'java.lang.Object java.lang.invoke.DelegatingMethodHandle$Holder.reinvoke_L(java.lang.Object, java.lang.Object, java.lang.Object, java.lang.Object, java.lang.Object, java.lang.Object, java.lang.Object, java.lang.Object, java.lang.Object, java.lang.Object, java.lang.Object, java.lang.Object, java.lang.Object, java.lang.Object, java.lang.Object, java.lang.Object, java.lang.Object, java.lang.Object, java.lang.Object, java.lang.Object, java.lang.O
Event: 18.532 Thread 0x00000151e4823560 Exception <a 'java/lang/NoSuchMethodError'{0x0000000082dfd8e0}: 'java.lang.Object java.lang.invoke.DirectMethodHandle$Holder.invokeStatic(java.lang.Object, java.lang.Object, java.lang.Object, java.lang.Object, java.lang.Object, java.lang.Object, java.lang.Object, java.lang.Object, java.lang.Object, java.lang.Object, java.lang.Object, java.lang.Object, java.lang.Object, java.lang.Object, java.lang.Object)'> (0x0000000082dfd8e0) 
thrown [s\src\hotspot\share\interpreter\linkResolver.cpp, line 784]
Event: 18.537 Thread 0x00000151e4823560 Exception <a 'java/lang/NoSuchMethodError'{0x0000000082c223d0}: 'java.lang.Object java.lang.invoke.DirectMethodHandle$Holder.invokeStatic(java.lang.Object, java.lang.Object, java.lang.Object, java.lang.Object, java.lang.Object, java.lang.Object, java.lang.Object, java.lang.Object, java.lang.Object, java.lang.Object, java.lang.Object, java.lang.Object, java.lang.Object, java.lang.Object, java.lang.Object, java.lang.Object)'> (0x0000000082c223d0) 
thrown [s\src\hotspot\share\interpreter\linkResolver.cpp, lin
Event: 18.544 Thread 0x00000151e4823560 Exception <a 'java/lang/NoSuchMethodError'{0x0000000082c49f50}: 'java.lang.Object java.lang.invoke.DirectMethodHandle$Holder.invokeStatic(java.lang.Object, java.lang.Object, java.lang.Object, java.lang.Object, java.lang.Object, java.lang.Object, java.lang.Object, java.lang.Object, java.lang.Object, java.lang.Object, java.lang.Object, java.lang.Object, java.lang.Object, java.lang.Object, java.lang.Object, java.lang.Object, java.lang.Object)'> (0x0000000082c49f50) 
thrown [s\src\hotspot\share\interpreter\lin
Event: 18.695 Thread 0x00000151e4823560 Exception <a 'java/lang/NoSuchMethodError'{0x0000000082c72df0}: 'java.lang.Object java.lang.invoke.DirectMethodHandle$Holder.invokeStatic(java.lang.Object, java.lang.Object, java.lang.Object, java.lang.Object, java.lang.Object, java.lang.Object, java.lang.Object, java.lang.Object, java.lang.Object, java.lang.Object, java.lang.Object, java.lang.Object, java.lang.Object, java.lang.Object, java.lang.Object, java.lang.Object, java.lang.Object, java.lang.Object)'> (0x0000000082c72df0) 
thrown [s\src\hotspot\sha
Event: 18.700 Thread 0x00000151e4823560 Exception <a 'java/lang/NoSuchMethodError'{0x0000000082c9d4d0}: 'java.lang.Object java.lang.invoke.DirectMethodHandle$Holder.invokeStatic(java.lang.Object, java.lang.Object, java.lang.Object, java.lang.Object, java.lang.Object, java.lang.Object, java.lang.Object, java.lang.Object, java.lang.Object, java.lang.Object, java.lang.Object, java.lang.Object, java.lang.Object, java.lang.Object, java.lang.Object, java.lang.Object, java.lang.Object, java.lang.Object, java.lang.Object)'> (0x0000000082c9d4d0) 
thrown 
Event: 18.704 Thread 0x00000151e4823560 Exception <a 'java/lang/NoSuchMethodError'{0x0000000082cc8a90}: 'java.lang.Object java.lang.invoke.DirectMethodHandle$Holder.invokeStatic(java.lang.Object, java.lang.Object, java.lang.Object, java.lang.Object, java.lang.Object, java.lang.Object, java.lang.Object, java.lang.Object, java.lang.Object, java.lang.Object, java.lang.Object, java.lang.Object, java.lang.Object, java.lang.Object, java.lang.Object, java.lang.Object, java.lang.Object, java.lang.Object, java.lang.Object, java.lang.Object)'> (0x00000000
Event: 18.712 Thread 0x00000151e4823560 Exception <a 'java/lang/NoSuchMethodError'{0x0000000082cf5120}: 'java.lang.Object java.lang.invoke.DirectMethodHandle$Holder.invokeStatic(java.lang.Object, java.lang.Object, java.lang.Object, java.lang.Object, java.lang.Object, java.lang.Object, java.lang.Object, java.lang.Object, java.lang.Object, java.lang.Object, java.lang.Object, java.lang.Object, java.lang.Object, java.lang.Object, java.lang.Object, java.lang.Object, java.lang.Object, java.lang.Object, java.lang.Object, java.lang.Object, java.lang.Obj
Event: 18.718 Thread 0x00000151e4823560 Exception <a 'java/lang/NoSuchMethodError'{0x0000000082b22318}: 'java.lang.Object java.lang.invoke.DirectMethodHandle$Holder.invokeStatic(java.lang.Object, java.lang.Object, java.lang.Object, java.lang.Object, java.lang.Object, java.lang.Object, java.lang.Object, java.lang.Object, java.lang.Object, java.lang.Object, java.lang.Object, java.lang.Object, java.lang.Object, java.lang.Object, java.lang.Object, java.lang.Object, java.lang.Object, java.lang.Object, java.lang.Object, java.lang.Object, java.lang.Obj
Event: 18.721 Thread 0x00000151e4823560 Exception <a 'java/lang/NoSuchMethodError'{0x0000000082b50388}: 'java.lang.Object java.lang.invoke.DirectMethodHandle$Holder.invokeStatic(java.lang.Object, java.lang.Object, java.lang.Object, java.lang.Object, java.lang.Object, java.lang.Object, java.lang.Object, java.lang.Object, java.lang.Object, java.lang.Object, java.lang.Object, java.lang.Object, java.lang.Object, java.lang.Object, java.lang.Object, java.lang.Object, java.lang.Object, java.lang.Object, java.lang.Object, java.lang.Object, java.lang.Obj
Event: 18.723 Thread 0x00000151e4823560 Exception <a 'java/lang/NoSuchMethodError'{0x0000000082b7eeb0}: 'java.lang.Object java.lang.invoke.DirectMethodHandle$Holder.invokeStatic(java.lang.Object, java.lang.Object, java.lang.Object, java.lang.Object, java.lang.Object, java.lang.Object, java.lang.Object, java.lang.Object, java.lang.Object, java.lang.Object, java.lang.Object, java.lang.Object, java.lang.Object, java.lang.Object, java.lang.Object, java.lang.Object, java.lang.Object, java.lang.Object, java.lang.Object, java.lang.Object, java.lang.Obj
Event: 18.726 Thread 0x00000151e4823560 Exception <a 'java/lang/NoSuchMethodError'{0x0000000082baf730}: 'java.lang.Object java.lang.invoke.DirectMethodHandle$Holder.invokeStatic(java.lang.Object, java.lang.Object, java.lang.Object, java.lang.Object, java.lang.Object, java.lang.Object, java.lang.Object, java.lang.Object, java.lang.Object, java.lang.Object, java.lang.Object, java.lang.Object, java.lang.Object, java.lang.Object, java.lang.Object, java.lang.Object, java.lang.Object, java.lang.Object, java.lang.Object, java.lang.Object, java.lang.Obj

ZGC Phase Switch (0 events):
No events

VM Operations (20 events):
Event: 14.796 Executing VM operation: HandshakeAllThreads (Deoptimize)
Event: 14.955 Executing VM operation: HandshakeAllThreads (Deoptimize) done
Event: 15.957 Executing VM operation: Cleanup
Event: 15.960 Executing VM operation: Cleanup done
Event: 16.677 Executing VM operation: CollectForMetadataAllocation (Metadata GC Threshold)
Event: 16.699 Executing VM operation: CollectForMetadataAllocation (Metadata GC Threshold) done
Event: 16.719 Executing VM operation: G1PauseRemark
Event: 16.727 Executing VM operation: G1PauseRemark done
Event: 16.735 Executing VM operation: G1PauseCleanup
Event: 16.738 Executing VM operation: G1PauseCleanup done
Event: 17.750 Executing VM operation: Cleanup
Event: 17.750 Executing VM operation: Cleanup done
Event: 17.954 Executing VM operation: HandshakeAllThreads (Deoptimize)
Event: 17.954 Executing VM operation: HandshakeAllThreads (Deoptimize) done
Event: 18.739 Executing VM operation: HandshakeAllThreads (Deoptimize)
Event: 18.739 Executing VM operation: HandshakeAllThreads (Deoptimize) done
Event: 18.740 Executing VM operation: HandshakeAllThreads (Deoptimize)
Event: 18.740 Executing VM operation: HandshakeAllThreads (Deoptimize) done
Event: 19.750 Executing VM operation: Cleanup
Event: 20.268 Executing VM operation: Cleanup done

Memory protections (0 events):
No events

Nmethod flushes (0 events):
No events

Events (20 events):
Event: 0.729 Loaded shared library C:\Program Files\Android\Android Studio\jbr\bin\zip.dll
Event: 0.767 Thread 0x00000151c68f61c0 Thread added: 0x00000151dfb4d6f0
Event: 1.742 Loaded shared library C:\Program Files\Android\Android Studio\jbr\bin\jimage.dll
Event: 4.201 Loaded shared library C:\Users\ibcmserver2025\.gradle\native\68d5fa5c4cc2d200863cafc0d521ce42e7d3e7ee720ec0a83991735586a16f82\windows-amd64\native-platform.dll
Event: 4.935 Loaded shared library C:\Users\ibcmserver2025\.gradle\native\e376f236ea51e6404a007f0833ffe2c6e607c4080706a723a18a27aeea778392\windows-amd64\native-platform-file-events.dll
Event: 12.225 Loaded shared library C:\Program Files\Android\Android Studio\jbr\bin\management.dll
Event: 12.231 Loaded shared library C:\Program Files\Android\Android Studio\jbr\bin\management_ext.dll
Event: 12.689 Thread 0x00000151c68f61c0 Thread added: 0x00000151e4cf0160
Event: 14.189 Loaded shared library C:\Program Files\Android\Android Studio\jbr\bin\extnet.dll
Event: 14.258 Thread 0x00000151c68f61c0 Thread added: 0x00000151e504d380
Event: 14.952 Thread 0x00000151c68f61c0 Thread added: 0x00000151e4c33a50
Event: 15.427 Thread 0x00000151e504d380 Thread added: 0x00000151e4eba5e0
Event: 15.446 Thread 0x00000151e4eba5e0 Thread added: 0x00000151e49105e0
Event: 15.522 Thread 0x00000151e4eba5e0 Thread added: 0x00000151e4911060
Event: 15.701 Thread 0x00000151e4eba5e0 Thread added: 0x00000151e4823560
Event: 15.755 Thread 0x00000151e4823560 Thread added: 0x00000151e4821490
Event: 15.761 Thread 0x00000151e4823560 Thread added: 0x00000151e4822840
Event: 15.774 Thread 0x00000151e4823560 Thread added: 0x00000151e4822ed0
Event: 17.957 Thread 0x00000151e4823560 Thread added: 0x00000151e4820e00
Event: 18.190 Thread 0x00000151e4823560 Thread added: 0x00000151e48200e0


Dynamic libraries:
0x00007ff74c710000 - 0x00007ff74c71a000 	C:\Program Files\Android\Android Studio\jbr\bin\java.exe
0x00007ff9d7140000 - 0x00007ff9d73a3000 	C:\Windows\SYSTEM32\ntdll.dll
0x00007ff9d6ce0000 - 0x00007ff9d6da7000 	C:\Windows\System32\KERNEL32.DLL
0x00007ff9d4610000 - 0x00007ff9d49d9000 	C:\Windows\System32\KERNELBASE.dll
0x00007ff9d4340000 - 0x00007ff9d448c000 	C:\Windows\System32\ucrtbase.dll
0x00007ff9c2250000 - 0x00007ff9c2268000 	C:\Program Files\Android\Android Studio\jbr\bin\jli.dll
0x00007ff9d6b10000 - 0x00007ff9d6cda000 	C:\Windows\System32\USER32.dll
0x00007ff9d4550000 - 0x00007ff9d4577000 	C:\Windows\System32\win32u.dll
0x00007ff9d6f00000 - 0x00007ff9d6f2a000 	C:\Windows\System32\GDI32.dll
0x00007ff9d4b60000 - 0x00007ff9d4c91000 	C:\Windows\System32\gdi32full.dll
0x00007ff9d4eb0000 - 0x00007ff9d4f53000 	C:\Windows\System32\msvcp_win.dll
0x00007ff9c8150000 - 0x00007ff9c816b000 	C:\Program Files\Android\Android Studio\jbr\bin\VCRUNTIME140.dll
0x00007ff9cead0000 - 0x00007ff9ced60000 	C:\Windows\WinSxS\amd64_microsoft.windows.common-controls_6595b64144ccf1df_6.0.26100.3323_none_3e088096e3344490\COMCTL32.dll
0x00007ff9d7050000 - 0x00007ff9d70f9000 	C:\Windows\System32\msvcrt.dll
0x00007ff9d6380000 - 0x00007ff9d63af000 	C:\Windows\System32\IMM32.DLL
0x00007ff9cf060000 - 0x00007ff9cf06c000 	C:\Program Files\Android\Android Studio\jbr\bin\vcruntime140_1.dll
0x00007ff9aa790000 - 0x00007ff9aa81d000 	C:\Program Files\Android\Android Studio\jbr\bin\msvcp140.dll
0x00007ff9a05f0000 - 0x00007ff9a127a000 	C:\Program Files\Android\Android Studio\jbr\bin\server\jvm.dll
0x00007ff9d6a40000 - 0x00007ff9d6af2000 	C:\Windows\System32\ADVAPI32.dll
0x00007ff9d4f70000 - 0x00007ff9d5016000 	C:\Windows\System32\sechost.dll
0x00007ff9d6f30000 - 0x00007ff9d7046000 	C:\Windows\System32\RPCRT4.dll
0x00007ff9d69c0000 - 0x00007ff9d6a34000 	C:\Windows\System32\WS2_32.dll
0x00007ff9d41f0000 - 0x00007ff9d423e000 	C:\Windows\SYSTEM32\POWRPROF.dll
0x00007ff9cc910000 - 0x00007ff9cc946000 	C:\Windows\SYSTEM32\WINMM.dll
0x00007ff9c7fc0000 - 0x00007ff9c7fcb000 	C:\Windows\SYSTEM32\VERSION.dll
0x00007ff9d41d0000 - 0x00007ff9d41e4000 	C:\Windows\SYSTEM32\UMPDC.dll
0x00007ff9d2590000 - 0x00007ff9d25aa000 	C:\Windows\SYSTEM32\kernel.appcore.dll
0x00007ff9ccc80000 - 0x00007ff9ccc8a000 	C:\Program Files\Android\Android Studio\jbr\bin\jimage.dll
0x00007ff9c7780000 - 0x00007ff9c79c1000 	C:\Windows\SYSTEM32\DBGHELP.DLL
0x00007ff9d5300000 - 0x00007ff9d5682000 	C:\Windows\System32\combase.dll
0x00007ff9d62a0000 - 0x00007ff9d6376000 	C:\Windows\System32\OLEAUT32.dll
0x00007ff9c5d50000 - 0x00007ff9c5d89000 	C:\Windows\SYSTEM32\dbgcore.DLL
0x00007ff9d4ca0000 - 0x00007ff9d4d39000 	C:\Windows\System32\bcryptPrimitives.dll
0x00007ff9c9a00000 - 0x00007ff9c9a0e000 	C:\Program Files\Android\Android Studio\jbr\bin\instrument.dll
0x00007ff9c8130000 - 0x00007ff9c8150000 	C:\Program Files\Android\Android Studio\jbr\bin\java.dll
0x00007ff9c5fb0000 - 0x00007ff9c5fc8000 	C:\Program Files\Android\Android Studio\jbr\bin\zip.dll
0x00007ff9d5690000 - 0x00007ff9d5da5000 	C:\Windows\System32\SHELL32.dll
0x00007ff9d4d40000 - 0x00007ff9d4ea8000 	C:\Windows\System32\wintypes.dll
0x00007ff9cde50000 - 0x00007ff9ce695000 	C:\Windows\SYSTEM32\windows.storage.dll
0x00007ff9d5210000 - 0x00007ff9d52fb000 	C:\Windows\System32\SHCORE.dll
0x00007ff9d6e30000 - 0x00007ff9d6e8d000 	C:\Windows\System32\shlwapi.dll
0x00007ff9d4250000 - 0x00007ff9d427f000 	C:\Windows\SYSTEM32\profapi.dll
0x00007ff9ccc20000 - 0x00007ff9ccc30000 	C:\Program Files\Android\Android Studio\jbr\bin\net.dll
0x00007ff9cd170000 - 0x00007ff9cd28e000 	C:\Windows\SYSTEM32\WINHTTP.dll
0x00007ff9d3680000 - 0x00007ff9d36ea000 	C:\Windows\system32\mswsock.dll
0x00007ff9c4a40000 - 0x00007ff9c4a56000 	C:\Program Files\Android\Android Studio\jbr\bin\nio.dll
0x00007ff9ca2b0000 - 0x00007ff9ca2c0000 	C:\Program Files\Android\Android Studio\jbr\bin\verify.dll
0x00007ff9b9130000 - 0x00007ff9b9157000 	C:\Users\ibcmserver2025\.gradle\native\68d5fa5c4cc2d200863cafc0d521ce42e7d3e7ee720ec0a83991735586a16f82\windows-amd64\native-platform.dll
0x00007ff9a86e0000 - 0x00007ff9a8824000 	C:\Users\ibcmserver2025\.gradle\native\e376f236ea51e6404a007f0833ffe2c6e607c4080706a723a18a27aeea778392\windows-amd64\native-platform-file-events.dll
0x00007ff9c8220000 - 0x00007ff9c8229000 	C:\Program Files\Android\Android Studio\jbr\bin\management.dll
0x00007ff9c5fa0000 - 0x00007ff9c5fab000 	C:\Program Files\Android\Android Studio\jbr\bin\management_ext.dll
0x00007ff9d69b0000 - 0x00007ff9d69b8000 	C:\Windows\System32\PSAPI.DLL
0x00007ff9d3920000 - 0x00007ff9d393c000 	C:\Windows\SYSTEM32\CRYPTSP.dll
0x00007ff9d31e0000 - 0x00007ff9d321a000 	C:\Windows\system32\rsaenh.dll
0x00007ff9d3720000 - 0x00007ff9d374b000 	C:\Windows\SYSTEM32\USERENV.dll
0x00007ff9d3b60000 - 0x00007ff9d3b86000 	C:\Windows\SYSTEM32\bcrypt.dll
0x00007ff9d3940000 - 0x00007ff9d394c000 	C:\Windows\SYSTEM32\CRYPTBASE.dll
0x00007ff9d2ce0000 - 0x00007ff9d2d13000 	C:\Windows\SYSTEM32\IPHLPAPI.DLL
0x00007ff9d4f60000 - 0x00007ff9d4f6a000 	C:\Windows\System32\NSI.dll
0x00007ff9c37a0000 - 0x00007ff9c37a9000 	C:\Program Files\Android\Android Studio\jbr\bin\extnet.dll
0x00007ff9c7680000 - 0x00007ff9c7688000 	C:\Windows\system32\wshunix.dll
0x00007ff9a9ed0000 - 0x00007ff9a9f68000 	C:\Windows\SYSTEM32\symsrv.dll
0x00007ff9d49e0000 - 0x00007ff9d4b57000 	C:\Windows\System32\CRYPT32.dll

dbghelp: loaded successfully - version: 4.0.5 - missing functions: none
symbol engine: initialized successfully - sym options: 0x614 - pdb path: .;C:\Program Files\Android\Android Studio\jbr\bin;C:\Windows\SYSTEM32;C:\Windows\WinSxS\amd64_microsoft.windows.common-controls_6595b64144ccf1df_6.0.26100.3323_none_3e088096e3344490;C:\Program Files\Android\Android Studio\jbr\bin\server;C:\Users\ibcmserver2025\.gradle\native\68d5fa5c4cc2d200863cafc0d521ce42e7d3e7ee720ec0a83991735586a16f82\windows-amd64;C:\Users\ibcmserver2025\.gradle\native\e376f236ea51e6404a007f0833ffe2c6e607c4080706a723a18a27aeea778392\windows-amd64

VM Arguments:
jvm_args: --add-opens=java.base/java.util=ALL-UNNAMED --add-opens=java.base/java.lang=ALL-UNNAMED --add-opens=java.base/java.lang.invoke=ALL-UNNAMED --add-opens=java.prefs/java.util.prefs=ALL-UNNAMED --add-opens=java.base/java.nio.charset=ALL-UNNAMED --add-opens=java.base/java.net=ALL-UNNAMED --add-opens=java.base/java.util.concurrent.atomic=ALL-UNNAMED -Xmx2048m -Dfile.encoding=UTF-8 -Duser.country=US -Duser.language=en -Duser.variant -javaagent:C:\Users\ibcmserver2025\.gradle\wrapper\dists\gradle-8.2-bin\bbg7u40eoinfdyxsxr3z4i7ta\gradle-8.2\lib\agents\gradle-instrumentation-agent-8.2.jar 
java_command: org.gradle.launcher.daemon.bootstrap.GradleDaemon 8.2
java_class_path (initial): C:\Users\ibcmserver2025\.gradle\wrapper\dists\gradle-8.2-bin\bbg7u40eoinfdyxsxr3z4i7ta\gradle-8.2\lib\gradle-launcher-8.2.jar
Launcher Type: SUN_STANDARD

[Global flags]
     intx CICompilerCount                          = 2                                         {product} {ergonomic}
     uint ConcGCThreads                            = 1                                         {product} {ergonomic}
     uint G1ConcRefinementThreads                  = 2                                         {product} {ergonomic}
   size_t G1HeapRegionSize                         = 1048576                                   {product} {ergonomic}
    uintx GCDrainStackTargetSize                   = 64                                        {product} {ergonomic}
   size_t InitialHeapSize                          = 67108864                                  {product} {ergonomic}
   size_t MarkStackSize                            = 4194304                                   {product} {ergonomic}
   size_t MaxHeapSize                              = 2147483648                                {product} {command line}
   size_t MaxNewSize                               = 1287651328                                {product} {ergonomic}
   size_t MinHeapDeltaBytes                        = 1048576                                   {product} {ergonomic}
   size_t MinHeapSize                              = 8388608                                   {product} {ergonomic}
    uintx NonNMethodCodeHeapSize                   = 5826188                                {pd product} {ergonomic}
    uintx NonProfiledCodeHeapSize                  = 122916026                              {pd product} {ergonomic}
    uintx ProfiledCodeHeapSize                     = 122916026                              {pd product} {ergonomic}
    uintx ReservedCodeCacheSize                    = 251658240                              {pd product} {ergonomic}
     bool SegmentedCodeCache                       = true                                      {product} {ergonomic}
   size_t SoftMaxHeapSize                          = 2147483648                             {manageable} {ergonomic}
     bool UseCompressedOops                        = true                           {product lp64_product} {ergonomic}
     bool UseG1GC                                  = true                                      {product} {ergonomic}
     bool UseLargePagesIndividualAllocation        = false                                  {pd product} {ergonomic}

Logging:
Log output configuration:
 #0: stdout all=warning uptime,level,tags foldmultilines=false
 #1: stderr all=off uptime,level,tags foldmultilines=false

Environment Variables:
JAVA_HOME=C:\Program Files\Android\Android Studio\jbr
CLASSPATH=C:\Users\ibcmserver2025\Desktop\ibcm\IBCMSERVER_test\IBCMAndroid\\gradle\wrapper\gradle-wrapper.jar
PATH=C:\Program Files\PowerShell\7;C:\Windows\system32;C:\Windows;C:\Windows\System32\Wbem;C:\Windows\System32\WindowsPowerShell\v1.0\;C:\Windows\System32\OpenSSH\;C:\ProgramData\GooGet;C:\Program Files\Google\Compute Engine\metadata_scripts;C:\Program Files (x86)\Google\Cloud SDK\google-cloud-sdk\bin;C:\Program Files\PowerShell\7\;C:\Program Files\Google\Compute Engine\sysprep;C:\Program Files\Git\cmd;C:\Users\ibcmserver2025\AppData\Local\Microsoft\WindowsApps;C:\Users\ibcmserver2025\AppData\Local\Programs\cursor\resources\app\bin;C:\Program Files\Android\Android Studio\jbr\bin
USERNAME=ibcmserver2025
LANG=en_US.UTF-8
OS=Windows_NT
PROCESSOR_IDENTIFIER=Intel64 Family 6 Model 79 Stepping 0, GenuineIntel
TMP=C:\Users\IBCMSE~1\AppData\Local\Temp\2
TEMP=C:\Users\IBCMSE~1\AppData\Local\Temp\2




Periodic native trim disabled

JNI global refs:
JNI global refs: 21, weak refs: 1

JNI global refs memory usage: 835, weak refs: 833

Process memory usage:
Resident Set Size: 168056K (4% of 4190568K total physical memory with 329164K free physical memory)

OOME stack traces (most recent first):
Classloader memory used:
Loader bootstrap                                                                       : 15764K
Loader org.gradle.internal.classloader.VisitableURLClassLoader                         : 8498K
Loader org.gradle.initialization.MixInLegacyTypesClassLoader                           : 684K
Loader jdk.internal.loader.ClassLoaders$AppClassLoader                                 : 227K
Loader jdk.internal.loader.ClassLoaders$PlatformClassLoader                            : 114K

Classes loaded by more than one classloader:
Class org.gradle.internal.classloader.FilteringClassLoader                            : loaded 2 times (x 101B)
Class org.gradle.internal.classloader.ClassLoaderHierarchy                            : loaded 2 times (x 66B)
Class org.gradle.api.internal.classpath.ManifestUtil                                  : loaded 2 times (x 67B)
Class org.gradle.internal.classloader.ClassLoaderVisitor                              : loaded 2 times (x 72B)
Class org.gradle.api.internal.classpath.EffectiveClassPath                            : loaded 2 times (x 86B)
Class org.gradle.api.internal.DefaultClassPathProvider                                : loaded 2 times (x 72B)
Class [Lorg.gradle.api.internal.ClassPathProvider;                                    : loaded 2 times (x 65B)
Class org.gradle.api.internal.ClassPathProvider                                       : loaded 2 times (x 66B)
Class org.gradle.internal.service.UnknownServiceException                             : loaded 2 times (x 79B)
Class org.gradle.internal.classpath.TransformedClassPath                              : loaded 2 times (x 92B)
Class org.gradle.internal.service.ServiceLocator                                      : loaded 2 times (x 66B)
Class org.gradle.internal.InternalTransformer                                         : loaded 2 times (x 66B)
Class org.gradle.internal.classloader.ClasspathUtil$1                                 : loaded 2 times (x 72B)
Class org.gradle.api.internal.classpath.DefaultModuleRegistry$DefaultModule           : loaded 2 times (x 82B)
Class org.gradle.api.internal.classpath.Module                                        : loaded 2 times (x 66B)
Class org.gradle.api.internal.classpath.UnknownModuleException                        : loaded 2 times (x 78B)
Class org.gradle.cache.GlobalCache                                                    : loaded 2 times (x 66B)
Class org.gradle.api.internal.DefaultClassPathRegistry                                : loaded 2 times (x 72B)
Class org.gradle.api.internal.ClassPathRegistry                                       : loaded 2 times (x 66B)
Class org.gradle.internal.classpath.DefaultClassPath$ImmutableUniqueList              : loaded 2 times (x 195B)
Class org.gradle.internal.classpath.ClassPath                                         : loaded 2 times (x 66B)
Class org.gradle.api.UncheckedIOException                                             : loaded 2 times (x 78B)
Class org.gradle.internal.installation.GradleInstallation$1                           : loaded 2 times (x 71B)
Class org.gradle.api.internal.classpath.ModuleRegistry                                : loaded 2 times (x 66B)
Class org.gradle.api.internal.classpath.DefaultModuleRegistry                         : loaded 2 times (x 82B)
Class org.gradle.internal.service.ServiceLookupException                              : loaded 2 times (x 78B)
Class org.gradle.internal.classloader.ClassLoaderFactory                              : loaded 2 times (x 66B)
Class org.gradle.internal.service.CachingServiceLocator                               : loaded 2 times (x 78B)
Class org.gradle.internal.classloader.ClasspathUtil                                   : loaded 2 times (x 67B)
Class org.gradle.api.specs.Spec                                                       : loaded 2 times (x 66B)
Class org.gradle.internal.classloader.VisitableURLClassLoader$InstrumentingVisitableURLClassLoader: loaded 2 times (x 119B)
Class org.gradle.internal.classloader.VisitableURLClassLoader$Spec                    : loaded 2 times (x 70B)
Class org.gradle.internal.classpath.DefaultClassPath                                  : loaded 2 times (x 86B)
Class org.gradle.internal.classloader.ClassLoaderSpec                                 : loaded 2 times (x 67B)
Class org.gradle.internal.classloader.VisitableURLClassLoader                         : loaded 2 times (x 113B)
Class org.gradle.internal.Cast                                                        : loaded 2 times (x 67B)
Class org.gradle.api.Action                                                           : loaded 2 times (x 66B)
Class org.gradle.internal.agents.InstrumentingClassLoader                             : loaded 2 times (x 66B)
Class org.gradle.internal.classpath.DefaultClassPath$ImmutableUniqueList$Builder      : loaded 2 times (x 71B)
Class org.gradle.api.GradleException                                                  : loaded 2 times (x 78B)
Class org.gradle.internal.IoActions                                                   : loaded 2 times (x 67B)
Class org.gradle.internal.classloader.SystemClassLoaderSpec                           : loaded 2 times (x 67B)
Class org.gradle.internal.installation.CurrentGradleInstallationLocator               : loaded 2 times (x 67B)
Class org.gradle.internal.service.DefaultServiceLocator                               : loaded 2 times (x 79B)
Class org.gradle.internal.installation.CurrentGradleInstallation                      : loaded 2 times (x 69B)
Class org.gradle.util.internal.GUtil                                                  : loaded 2 times (x 67B)
Class org.gradle.internal.installation.GradleInstallation                             : loaded 2 times (x 71B)

---------------  S Y S T E M  ---------------

OS:
 Windows Server 2022 , 64 bit Build 26100 (10.0.26100.3323)
OS uptime: 0 days 4:15 hours
KVM virtualization detected

CPU: total 2 (initial active 2) (1 cores per cpu, 2 threads per core) family 6 model 79 stepping 0 microcode 0xffffffff, cx8, cmov, fxsr, ht, mmx, 3dnowpref, sse, sse2, sse3, ssse3, sse4.1, sse4.2, popcnt, lzcnt, tsc, tscinvbit, avx, avx2, aes, erms, clmul, bmi1, bmi2, rtm, adx, fma, vzeroupper, clflush, hv, rdtscp, f16c
Processor Information for all 2 processors :
  Max Mhz: 2200, Current Mhz: 2200, Mhz Limit: 2200

Memory: 4k page, system-wide physical 4092M (321M free)
TotalPageFile size 5116M (AvailPageFile size 35M)
current process WorkingSet (physical memory assigned to process): 164M, peak: 165M
current process commit charge ("private bytes"): 194M, peak: 197M

vm_info: OpenJDK 64-Bit Server VM (21.0.5+-12932927-b750.29) for windows-amd64 JRE (21.0.5+-12932927-b750.29), built on 2025-01-17T02:01:10Z by "builder" with MS VC++ 16.10 / 16.11 (VS2019)

END.
