#
# There is insufficient memory for the Java Runtime Environment to continue.
# Native memory allocation (mmap) failed to map 169869312 bytes. Error detail: G1 virtual space
# Possible reasons:
#   The system is out of physical RAM or swap space
#   This process is running with CompressedOops enabled, and the Java Heap may be blocking the growth of the native heap
# Possible solutions:
#   Reduce memory load on the system
#   Increase physical memory or swap space
#   Check if swap backing store is full
#   Decrease Java heap size (-Xmx/-Xms)
#   Decrease number of Java threads
#   Decrease Java thread stack sizes (-Xss)
#   Set larger code cache with -XX:ReservedCodeCacheSize=
#   JVM is running with Unscaled Compressed Oops mode in which the Java heap is
#     placed in the first 4GB address space. The Java Heap base address is the
#     maximum limit for the native heap growth. Please use -XX:HeapBaseMinAddress
#     to set the Java Heap base and to place the Java Heap above 4GB virtual address.
# This output file may be truncated or incomplete.
#
#  Out of Memory Error (os_windows.cpp:3828), pid=9072, tid=5140
#
# JRE version: OpenJDK Runtime Environment (21.0.5) (build 21.0.5+-12932927-b750.29)
# Java VM: OpenJDK 64-Bit Server VM (21.0.5+-12932927-b750.29, mixed mode, tiered, compressed oops, compressed class ptrs, g1 gc, windows-amd64)
# Core dump will be written. Default location: C:\Users\ibcmserver2025\Desktop\ibcm\IBCMSERVER_test\IBCMAndroid\hs_err_pid9072.mdmp
#

---------------  S U M M A R Y ------------

Command Line: --add-opens=java.base/java.util=ALL-UNNAMED --add-opens=java.base/java.lang=ALL-UNNAMED --add-opens=java.base/java.lang.invoke=ALL-UNNAMED --add-opens=java.prefs/java.util.prefs=ALL-UNNAMED --add-opens=java.base/java.nio.charset=ALL-UNNAMED --add-opens=java.base/java.net=ALL-UNNAMED --add-opens=java.base/java.util.concurrent.atomic=ALL-UNNAMED -Xmx2048m -Dfile.encoding=UTF-8 -Duser.country=US -Duser.language=en -Duser.variant -javaagent:C:\Users\ibcmserver2025\.gradle\wrapper\dists\gradle-8.5-bin\5t9huq95ubn472n8rpzujfbqh\gradle-8.5\lib\agents\gradle-instrumentation-agent-8.5.jar org.gradle.launcher.daemon.bootstrap.GradleDaemon 8.5

Host: Intel(R) Xeon(R) CPU @ 2.20GHz, 2 cores, 3G,  Windows Server 2022 , 64 bit Build 26100 (10.0.26100.3323)
Time: Sun Mar 16 21:16:17 2025 Greenwich Standard Time elapsed time: 132.437215 seconds (0d 0h 2m 12s)

---------------  T H R E A D  ---------------

Current thread (0x000001fccd2697e0):  VMThread "VM Thread"          [id=5140, stack(0x0000007702d00000,0x0000007702e00000) (1024K)]

Stack: [0x0000007702d00000,0x0000007702e00000]
Native frames: (J=compiled Java code, j=interpreted, Vv=VM code, C=native code)
V  [jvm.dll+0x6cfb29]
V  [jvm.dll+0x85ded3]
V  [jvm.dll+0x86042e]
V  [jvm.dll+0x860b13]
V  [jvm.dll+0x27e6b6]
V  [jvm.dll+0x6cc385]
V  [jvm.dll+0x6c078a]
V  [jvm.dll+0x35525b]
V  [jvm.dll+0x35ceb6]
V  [jvm.dll+0x3aedd6]
V  [jvm.dll+0x3af0a8]
V  [jvm.dll+0x32792c]
V  [jvm.dll+0x3279b7]
V  [jvm.dll+0x36d80c]
V  [jvm.dll+0x36bfbe]
V  [jvm.dll+0x327081]
V  [jvm.dll+0x36b6d0]
V  [jvm.dll+0x866898]
V  [jvm.dll+0x867c14]
V  [jvm.dll+0x868150]
V  [jvm.dll+0x8683e3]
V  [jvm.dll+0x806368]
V  [jvm.dll+0x6ce3fd]
C  [ucrtbase.dll+0x37b0]
C  [KERNEL32.DLL+0x2e8d7]
C  [ntdll.dll+0xbbf6c]

VM_Operation (0x00000077049fd710): G1CollectForAllocation, mode: safepoint, requested by thread 0x000001fcd2870cf0


---------------  P R O C E S S  ---------------

Threads class SMR info:
_java_thread_list=0x000001fcd3e26140, length=34, elements={
0x000001fcb6098820, 0x000001fccd5179d0, 0x000001fccd518f90, 0x000001fccd51c560,
0x000001fccd4fc310, 0x000001fccd4fdd70, 0x000001fccd4fe7c0, 0x000001fccd4ff540,
0x000001fccd58c4a0, 0x000001fccd590cd0, 0x000001fccd7dd670, 0x000001fcd22d71f0,
0x000001fcd22d6b60, 0x000001fcd22d7880, 0x000001fcd22d9950, 0x000001fcd22d7f10,
0x000001fcd22d85a0, 0x000001fcd22d8c30, 0x000001fcd22d9fe0, 0x000001fcd22d92c0,
0x000001fcd286ec20, 0x000001fcd286f2b0, 0x000001fcd286f940, 0x000001fcd286ffd0,
0x000001fcd286cb50, 0x000001fcd286e590, 0x000001fcd286d1e0, 0x000001fcd2870cf0,
0x000001fcd286d870, 0x000001fcd286df00, 0x000001fcd2872730, 0x000001fcd2871380,
0x000001fcd2872dc0, 0x000001fcd28720a0
}

Java Threads: ( => current thread )
  0x000001fcb6098820 JavaThread "main"                              [_thread_blocked, id=8444, stack(0x0000007702600000,0x0000007702700000) (1024K)]
  0x000001fccd5179d0 JavaThread "Reference Handler"          daemon [_thread_blocked, id=7880, stack(0x0000007702e00000,0x0000007702f00000) (1024K)]
  0x000001fccd518f90 JavaThread "Finalizer"                  daemon [_thread_blocked, id=1572, stack(0x0000007702f00000,0x0000007703000000) (1024K)]
  0x000001fccd51c560 JavaThread "Signal Dispatcher"          daemon [_thread_blocked, id=6772, stack(0x0000007703000000,0x0000007703100000) (1024K)]
  0x000001fccd4fc310 JavaThread "Attach Listener"            daemon [_thread_blocked, id=8832, stack(0x0000007703100000,0x0000007703200000) (1024K)]
  0x000001fccd4fdd70 JavaThread "Service Thread"             daemon [_thread_blocked, id=7156, stack(0x0000007703200000,0x0000007703300000) (1024K)]
  0x000001fccd4fe7c0 JavaThread "Monitor Deflation Thread"   daemon [_thread_blocked, id=6680, stack(0x0000007703300000,0x0000007703400000) (1024K)]
  0x000001fccd4ff540 JavaThread "C2 CompilerThread0"         daemon [_thread_blocked, id=2676, stack(0x0000007703400000,0x0000007703500000) (1024K)]
  0x000001fccd58c4a0 JavaThread "C1 CompilerThread0"         daemon [_thread_blocked, id=2260, stack(0x0000007703500000,0x0000007703600000) (1024K)]
  0x000001fccd590cd0 JavaThread "Common-Cleaner"             daemon [_thread_blocked, id=6000, stack(0x0000007703600000,0x0000007703700000) (1024K)]
  0x000001fccd7dd670 JavaThread "Notification Thread"        daemon [_thread_blocked, id=3796, stack(0x0000007703700000,0x0000007703800000) (1024K)]
  0x000001fcd22d71f0 JavaThread "Daemon health stats"               [_thread_blocked, id=8068, stack(0x0000007703900000,0x0000007703a00000) (1024K)]
  0x000001fcd22d6b60 JavaThread "Incoming local TCP Connector on port 51178"        [_thread_in_native, id=7576, stack(0x0000007703a00000,0x0000007703b00000) (1024K)]
  0x000001fcd22d7880 JavaThread "Daemon periodic checks"            [_thread_blocked, id=7044, stack(0x0000007703b00000,0x0000007703c00000) (1024K)]
  0x000001fcd22d9950 JavaThread "Daemon"                            [_thread_blocked, id=9704, stack(0x0000007703c00000,0x0000007703d00000) (1024K)]
  0x000001fcd22d7f10 JavaThread "Handler for socket connection from /127.0.0.1:51178 to /127.0.0.1:51179"        [_thread_in_native, id=7032, stack(0x0000007703d00000,0x0000007703e00000) (1024K)]
  0x000001fcd22d85a0 JavaThread "Cancel handler"                    [_thread_blocked, id=5792, stack(0x0000007703e00000,0x0000007703f00000) (1024K)]
  0x000001fcd22d8c30 JavaThread "Daemon worker"                     [_thread_blocked, id=3312, stack(0x0000007703f00000,0x0000007704000000) (1024K)]
  0x000001fcd22d9fe0 JavaThread "Asynchronous log dispatcher for DefaultDaemonConnection: socket connection from /127.0.0.1:51178 to /127.0.0.1:51179"        [_thread_blocked, id=1788, stack(0x0000007704000000,0x0000007704100000) (1024K)]
  0x000001fcd22d92c0 JavaThread "Stdin handler"                     [_thread_blocked, id=3148, stack(0x0000007704100000,0x0000007704200000) (1024K)]
  0x000001fcd286ec20 JavaThread "Daemon client event forwarder"        [_thread_blocked, id=8560, stack(0x0000007704200000,0x0000007704300000) (1024K)]
  0x000001fcd286f2b0 JavaThread "Cache worker for journal cache (C:\Users\ibcmserver2025\.gradle\caches\journal-1)"        [_thread_blocked, id=5912, stack(0x0000007704300000,0x0000007704400000) (1024K)]
  0x000001fcd286f940 JavaThread "File lock request listener"        [_thread_in_native, id=8888, stack(0x0000007704400000,0x0000007704500000) (1024K)]
  0x000001fcd286ffd0 JavaThread "Cache worker for file hash cache (C:\Users\ibcmserver2025\.gradle\caches\8.5\fileHashes)"        [_thread_blocked, id=1852, stack(0x0000007704500000,0x0000007704600000) (1024K)]
  0x000001fcd286cb50 JavaThread "File watcher server"        daemon [_thread_in_native, id=1448, stack(0x0000007704600000,0x0000007704700000) (1024K)]
  0x000001fcd286e590 JavaThread "File watcher consumer"      daemon [_thread_blocked, id=3968, stack(0x0000007704700000,0x0000007704800000) (1024K)]
  0x000001fcd286d1e0 JavaThread "jar transforms"                    [_thread_blocked, id=2436, stack(0x0000007704800000,0x0000007704900000) (1024K)]
  0x000001fcd2870cf0 JavaThread "jar transforms Thread 2"           [_thread_blocked, id=6732, stack(0x0000007704900000,0x0000007704a00000) (1024K)]
  0x000001fcd286d870 JavaThread "Cache worker for checksums cache (C:\Users\ibcmserver2025\Desktop\ibcm\IBCMSERVER_test\IBCMAndroid\.gradle\8.5\checksums)"        [_thread_blocked, id=4276, stack(0x0000007704a00000,0x0000007704b00000) (1024K)]
  0x000001fcd286df00 JavaThread "Cache worker for file hash cache (C:\Users\ibcmserver2025\Desktop\ibcm\IBCMSERVER_test\IBCMAndroid\.gradle\8.5\fileHashes)"        [_thread_blocked, id=4648, stack(0x0000007704b00000,0x0000007704c00000) (1024K)]
  0x000001fcd2872730 JavaThread "Cache worker for cache directory md-supplier (C:\Users\ibcmserver2025\.gradle\caches\8.5\md-supplier)"        [_thread_blocked, id=4172, stack(0x0000007704c00000,0x0000007704d00000) (1024K)]
  0x000001fcd2871380 JavaThread "Cache worker for cache directory md-rule (C:\Users\ibcmserver2025\.gradle\caches\8.5\md-rule)"        [_thread_blocked, id=8452, stack(0x0000007704d00000,0x0000007704e00000) (1024K)]
  0x000001fcd2872dc0 JavaThread "Cache worker for file content cache (C:\Users\ibcmserver2025\.gradle\caches\8.5\fileContent)"        [_thread_blocked, id=7744, stack(0x0000007704e00000,0x0000007704f00000) (1024K)]
  0x000001fcd28720a0 JavaThread "Cache worker for execution history cache (C:\Users\ibcmserver2025\.gradle\caches\8.5\executionHistory)"        [_thread_blocked, id=8980, stack(0x0000007704f00000,0x0000007705000000) (1024K)]
Total: 34

Other Threads:
=>0x000001fccd2697e0 VMThread "VM Thread"                           [id=5140, stack(0x0000007702d00000,0x0000007702e00000) (1024K)]
  0x000001fccd1d5850 WatcherThread "VM Periodic Task Thread"        [id=8956, stack(0x0000007702c00000,0x0000007702d00000) (1024K)]
  0x000001fcb60f0d70 WorkerThread "GC Thread#0"                     [id=3776, stack(0x0000007702700000,0x0000007702800000) (1024K)]
  0x000001fcd20665b0 WorkerThread "GC Thread#1"                     [id=4060, stack(0x0000007703800000,0x0000007703900000) (1024K)]
  0x000001fcb6101c60 ConcurrentGCThread "G1 Main Marker"            [id=9164, stack(0x0000007702800000,0x0000007702900000) (1024K)]
  0x000001fcb61034b0 WorkerThread "G1 Conc#0"                       [id=9396, stack(0x0000007702900000,0x0000007702a00000) (1024K)]
  0x000001fcb61539f0 ConcurrentGCThread "G1 Refine#0"               [id=6232, stack(0x0000007702a00000,0x0000007702b00000) (1024K)]
  0x000001fcb61552b0 ConcurrentGCThread "G1 Service"                [id=5608, stack(0x0000007702b00000,0x0000007702c00000) (1024K)]
Total: 8

Threads with active compile tasks:
C2 CompilerThread0  132556 7609       4       org.objectweb.asm.ClassReader::readMethod (1066 bytes)
Total: 1

VM state: at safepoint (normal execution)

VM Mutex/Monitor currently owned by a thread:  ([mutex/lock_event])
[0x00007ff9a20bd360] Threads_lock - owner thread: 0x000001fccd2697e0
[0x00007ff9a20bd460] Heap_lock - owner thread: 0x000001fcd2870cf0

Heap address: 0x0000000080000000, size: 2048 MB, Compressed Oops mode: 32-bit

CDS archive(s) not mapped
Compressed class space mapped at: 0x0000000100000000-0x0000000140000000, reserved size: 1073741824
Narrow klass base: 0x0000000000000000, Narrow klass shift: 3, Narrow klass range: 0x140000000

GC Precious Log:
 CardTable entry size: 512
 Card Set container configuration: InlinePtr #cards 5 size 8 Array Of Cards #cards 12 size 40 Howl #buckets 4 coarsen threshold 1843 Howl Bitmap #cards 512 size 80 coarsen threshold 460 Card regions per heap region 1 cards per card region 2048
 CPUs: 2 total, 2 available
 Memory: 4092M
 Large Page Support: Disabled
 NUMA Support: Disabled
 Compressed Oops: Enabled (32-bit)
 Heap Region Size: 1M
 Heap Min Capacity: 8M
 Heap Initial Capacity: 64M
 Heap Max Capacity: 2G
 Pre-touch: Disabled
 Parallel Workers: 2
 Concurrent Workers: 1
 Concurrent Refinement Workers: 2
 Periodic GC: Disabled

Heap:
 garbage-first heap   total 121856K, used 59472K [0x0000000080000000, 0x0000000100000000)
  region size 1024K, 4 young (4096K), 4 survivors (4096K)
 Metaspace       used 59432K, committed 60736K, reserved 1114112K
  class space    used 7840K, committed 8512K, reserved 1048576K

Heap Regions: E=young(eden), S=young(survivor), O=old, HS=humongous(starts), HC=humongous(continues), CS=collection set, F=free, TAMS=top-at-mark-start, PB=parsable bottom
|   0|0x0000000080000000, 0x0000000080100000, 0x0000000080100000|100%| O|  |TAMS 0x0000000080100000| PB 0x0000000080000000| Untracked 
|   1|0x0000000080100000, 0x0000000080200000, 0x0000000080200000|100%| O|  |TAMS 0x0000000080200000| PB 0x0000000080100000| Untracked 
|   2|0x0000000080200000, 0x0000000080300000, 0x0000000080300000|100%|HS|  |TAMS 0x0000000080300000| PB 0x0000000080200000| Complete 
|   3|0x0000000080300000, 0x0000000080400000, 0x0000000080400000|100%|HC|  |TAMS 0x0000000080400000| PB 0x0000000080300000| Complete 
|   4|0x0000000080400000, 0x0000000080500000, 0x0000000080500000|100%|HC|  |TAMS 0x0000000080500000| PB 0x0000000080400000| Complete 
|   5|0x0000000080500000, 0x0000000080600000, 0x0000000080600000|100%|HC|  |TAMS 0x0000000080600000| PB 0x0000000080500000| Complete 
|   6|0x0000000080600000, 0x0000000080700000, 0x0000000080700000|100%| O|  |TAMS 0x0000000080700000| PB 0x0000000080600000| Untracked 
|   7|0x0000000080700000, 0x0000000080800000, 0x0000000080800000|100%| O|  |TAMS 0x0000000080800000| PB 0x0000000080700000| Untracked 
|   8|0x0000000080800000, 0x0000000080900000, 0x0000000080900000|100%| O|  |TAMS 0x0000000080900000| PB 0x0000000080800000| Untracked 
|   9|0x0000000080900000, 0x0000000080a00000, 0x0000000080a00000|100%| O|  |TAMS 0x0000000080a00000| PB 0x0000000080900000| Untracked 
|  10|0x0000000080a00000, 0x0000000080b00000, 0x0000000080b00000|100%| O|  |TAMS 0x0000000080b00000| PB 0x0000000080a00000| Untracked 
|  11|0x0000000080b00000, 0x0000000080c00000, 0x0000000080c00000|100%| O|  |TAMS 0x0000000080c00000| PB 0x0000000080b00000| Untracked 
|  12|0x0000000080c00000, 0x0000000080d00000, 0x0000000080d00000|100%| O|  |TAMS 0x0000000080d00000| PB 0x0000000080c00000| Untracked 
|  13|0x0000000080d00000, 0x0000000080e00000, 0x0000000080e00000|100%| O|  |TAMS 0x0000000080e00000| PB 0x0000000080d00000| Untracked 
|  14|0x0000000080e00000, 0x0000000080f00000, 0x0000000080f00000|100%| O|  |TAMS 0x0000000080f00000| PB 0x0000000080e00000| Untracked 
|  15|0x0000000080f00000, 0x0000000081000000, 0x0000000081000000|100%| O|  |TAMS 0x0000000081000000| PB 0x0000000080f00000| Untracked 
|  16|0x0000000081000000, 0x0000000081100000, 0x0000000081100000|100%| O|  |TAMS 0x0000000081100000| PB 0x0000000081000000| Untracked 
|  17|0x0000000081100000, 0x0000000081200000, 0x0000000081200000|100%| O|  |TAMS 0x0000000081200000| PB 0x0000000081100000| Untracked 
|  18|0x0000000081200000, 0x0000000081300000, 0x0000000081300000|100%| O|  |TAMS 0x0000000081300000| PB 0x0000000081200000| Untracked 
|  19|0x0000000081300000, 0x0000000081400000, 0x0000000081400000|100%| O|  |TAMS 0x0000000081400000| PB 0x0000000081300000| Untracked 
|  20|0x0000000081400000, 0x0000000081500000, 0x0000000081500000|100%|HS|  |TAMS 0x0000000081500000| PB 0x0000000081400000| Complete 
|  21|0x0000000081500000, 0x0000000081600000, 0x0000000081600000|100%|HC|  |TAMS 0x0000000081600000| PB 0x0000000081500000| Complete 
|  22|0x0000000081600000, 0x0000000081700000, 0x0000000081700000|100%|HC|  |TAMS 0x0000000081700000| PB 0x0000000081600000| Complete 
|  23|0x0000000081700000, 0x0000000081800000, 0x0000000081800000|100%|HC|  |TAMS 0x0000000081800000| PB 0x0000000081700000| Complete 
|  24|0x0000000081800000, 0x0000000081900000, 0x0000000081900000|100%|HC|  |TAMS 0x0000000081900000| PB 0x0000000081800000| Complete 
|  25|0x0000000081900000, 0x0000000081a00000, 0x0000000081a00000|100%|HC|  |TAMS 0x0000000081a00000| PB 0x0000000081900000| Complete 
|  26|0x0000000081a00000, 0x0000000081b00000, 0x0000000081b00000|100%| O|  |TAMS 0x0000000081b00000| PB 0x0000000081a00000| Untracked 
|  27|0x0000000081b00000, 0x0000000081c00000, 0x0000000081c00000|100%|HS|  |TAMS 0x0000000081c00000| PB 0x0000000081b00000| Complete 
|  28|0x0000000081c00000, 0x0000000081d00000, 0x0000000081d00000|100%|HC|  |TAMS 0x0000000081d00000| PB 0x0000000081c00000| Complete 
|  29|0x0000000081d00000, 0x0000000081e00000, 0x0000000081e00000|100%|HS|  |TAMS 0x0000000081e00000| PB 0x0000000081d00000| Complete 
|  30|0x0000000081e00000, 0x0000000081f00000, 0x0000000081f00000|100%| O|  |TAMS 0x0000000081f00000| PB 0x0000000081e00000| Untracked 
|  31|0x0000000081f00000, 0x0000000082000000, 0x0000000082000000|100%| O|  |TAMS 0x0000000082000000| PB 0x0000000081f00000| Untracked 
|  32|0x0000000082000000, 0x0000000082100000, 0x0000000082100000|100%|HS|  |TAMS 0x0000000082100000| PB 0x0000000082000000| Complete 
|  33|0x0000000082100000, 0x0000000082200000, 0x0000000082200000|100%|HC|  |TAMS 0x0000000082200000| PB 0x0000000082100000| Complete 
|  34|0x0000000082200000, 0x0000000082300000, 0x0000000082300000|100%|HC|  |TAMS 0x0000000082300000| PB 0x0000000082200000| Complete 
|  35|0x0000000082300000, 0x0000000082400000, 0x0000000082400000|100%|HC|  |TAMS 0x0000000082400000| PB 0x0000000082300000| Complete 
|  36|0x0000000082400000, 0x0000000082500000, 0x0000000082500000|100%| O|  |TAMS 0x0000000082500000| PB 0x0000000082400000| Untracked 
|  37|0x0000000082500000, 0x0000000082600000, 0x0000000082600000|100%| O|  |TAMS 0x0000000082600000| PB 0x0000000082500000| Untracked 
|  38|0x0000000082600000, 0x0000000082700000, 0x0000000082700000|100%| O|  |TAMS 0x0000000082700000| PB 0x0000000082600000| Untracked 
|  39|0x0000000082700000, 0x0000000082800000, 0x0000000082800000|100%| O|  |TAMS 0x0000000082800000| PB 0x0000000082700000| Untracked 
|  40|0x0000000082800000, 0x0000000082900000, 0x0000000082900000|100%| O|  |TAMS 0x0000000082900000| PB 0x0000000082800000| Untracked 
|  41|0x0000000082900000, 0x0000000082a00000, 0x0000000082a00000|100%| O|  |TAMS 0x0000000082a00000| PB 0x0000000082900000| Untracked 
|  42|0x0000000082a00000, 0x0000000082b00000, 0x0000000082b00000|100%| O|  |TAMS 0x0000000082b00000| PB 0x0000000082a00000| Untracked 
|  43|0x0000000082b00000, 0x0000000082c00000, 0x0000000082c00000|100%| O|  |TAMS 0x0000000082c00000| PB 0x0000000082b00000| Untracked 
|  44|0x0000000082c00000, 0x0000000082d00000, 0x0000000082d00000|100%| O|  |TAMS 0x0000000082d00000| PB 0x0000000082c00000| Untracked 
|  45|0x0000000082d00000, 0x0000000082e00000, 0x0000000082e00000|100%| O|  |TAMS 0x0000000082e00000| PB 0x0000000082d00000| Untracked 
|  46|0x0000000082e00000, 0x0000000082f00000, 0x0000000082f00000|100%| O|  |TAMS 0x0000000082f00000| PB 0x0000000082e00000| Untracked 
|  47|0x0000000082f00000, 0x0000000083000000, 0x0000000083000000|100%| O|  |TAMS 0x0000000083000000| PB 0x0000000082f00000| Untracked 
|  48|0x0000000083000000, 0x0000000083014280, 0x0000000083100000|  7%| O|  |TAMS 0x0000000083000000| PB 0x0000000083000000| Untracked 
|  49|0x0000000083100000, 0x0000000083100000, 0x0000000083200000|  0%| F|  |TAMS 0x0000000083100000| PB 0x0000000083100000| Untracked 
|  50|0x0000000083200000, 0x0000000083300000, 0x0000000083300000|100%| O|  |TAMS 0x0000000083300000| PB 0x0000000083200000| Untracked 
|  51|0x0000000083300000, 0x0000000083400000, 0x0000000083400000|100%| O|  |TAMS 0x0000000083400000| PB 0x0000000083300000| Untracked 
|  52|0x0000000083400000, 0x0000000083500000, 0x0000000083500000|100%| O|  |TAMS 0x0000000083500000| PB 0x0000000083400000| Untracked 
|  53|0x0000000083500000, 0x0000000083600000, 0x0000000083600000|100%| O|  |TAMS 0x0000000083600000| PB 0x0000000083500000| Untracked 
|  54|0x0000000083600000, 0x0000000083600000, 0x0000000083700000|  0%| F|  |TAMS 0x0000000083600000| PB 0x0000000083600000| Untracked 
|  55|0x0000000083700000, 0x0000000083800000, 0x0000000083800000|100%| O|  |TAMS 0x0000000083800000| PB 0x0000000083700000| Untracked 
|  56|0x0000000083800000, 0x0000000083900000, 0x0000000083900000|100%| O|  |TAMS 0x00000000838a9560| PB 0x0000000083800000| Untracked 
|  57|0x0000000083900000, 0x0000000083900000, 0x0000000083a00000|  0%| F|  |TAMS 0x0000000083900000| PB 0x0000000083900000| Untracked 
|  58|0x0000000083a00000, 0x0000000083a00000, 0x0000000083b00000|  0%| F|  |TAMS 0x0000000083a00000| PB 0x0000000083a00000| Untracked 
|  59|0x0000000083b00000, 0x0000000083b00000, 0x0000000083c00000|  0%| F|  |TAMS 0x0000000083b00000| PB 0x0000000083b00000| Untracked 
|  60|0x0000000083c00000, 0x0000000083c00000, 0x0000000083d00000|  0%| F|  |TAMS 0x0000000083c00000| PB 0x0000000083c00000| Untracked 
|  61|0x0000000083d00000, 0x0000000083e00000, 0x0000000083e00000|100%| S|CS|TAMS 0x0000000083d00000| PB 0x0000000083d00000| Complete 
|  62|0x0000000083e00000, 0x0000000083f00000, 0x0000000083f00000|100%| S|CS|TAMS 0x0000000083e00000| PB 0x0000000083e00000| Complete 
|  63|0x0000000083f00000, 0x0000000084000000, 0x0000000084000000|100%| S|CS|TAMS 0x0000000083f00000| PB 0x0000000083f00000| Complete 
|  64|0x0000000084000000, 0x0000000084000000, 0x0000000084100000|  0%| F|  |TAMS 0x0000000084000000| PB 0x0000000084000000| Untracked 
|  65|0x0000000084100000, 0x0000000084100000, 0x0000000084200000|  0%| F|  |TAMS 0x0000000084100000| PB 0x0000000084100000| Untracked 
|  66|0x0000000084200000, 0x0000000084200000, 0x0000000084300000|  0%| F|  |TAMS 0x0000000084200000| PB 0x0000000084200000| Untracked 
|  67|0x0000000084300000, 0x0000000084300000, 0x0000000084400000|  0%| F|  |TAMS 0x0000000084300000| PB 0x0000000084300000| Untracked 
|  68|0x0000000084400000, 0x0000000084500000, 0x0000000084500000|100%| S|CS|TAMS 0x0000000084400000| PB 0x0000000084400000| Complete 
|  69|0x0000000084500000, 0x0000000084500000, 0x0000000084600000|  0%| F|  |TAMS 0x0000000084500000| PB 0x0000000084500000| Untracked 
|  70|0x0000000084600000, 0x0000000084600000, 0x0000000084700000|  0%| F|  |TAMS 0x0000000084600000| PB 0x0000000084600000| Untracked 
|  71|0x0000000084700000, 0x0000000084700000, 0x0000000084800000|  0%| F|  |TAMS 0x0000000084700000| PB 0x0000000084700000| Untracked 
|  72|0x0000000084800000, 0x0000000084800000, 0x0000000084900000|  0%| F|  |TAMS 0x0000000084800000| PB 0x0000000084800000| Untracked 
|  73|0x0000000084900000, 0x0000000084900000, 0x0000000084a00000|  0%| F|  |TAMS 0x0000000084900000| PB 0x0000000084900000| Untracked 
|  74|0x0000000084a00000, 0x0000000084a00000, 0x0000000084b00000|  0%| F|  |TAMS 0x0000000084a00000| PB 0x0000000084a00000| Untracked 
|  75|0x0000000084b00000, 0x0000000084b00000, 0x0000000084c00000|  0%| F|  |TAMS 0x0000000084b00000| PB 0x0000000084b00000| Untracked 
|  76|0x0000000084c00000, 0x0000000084c00000, 0x0000000084d00000|  0%| F|  |TAMS 0x0000000084c00000| PB 0x0000000084c00000| Untracked 
|  77|0x0000000084d00000, 0x0000000084d00000, 0x0000000084e00000|  0%| F|  |TAMS 0x0000000084d00000| PB 0x0000000084d00000| Untracked 
|  78|0x0000000084e00000, 0x0000000084e00000, 0x0000000084f00000|  0%| F|  |TAMS 0x0000000084e00000| PB 0x0000000084e00000| Untracked 
|  79|0x0000000084f00000, 0x0000000084f00000, 0x0000000085000000|  0%| F|  |TAMS 0x0000000084f00000| PB 0x0000000084f00000| Untracked 
|  80|0x0000000085000000, 0x0000000085000000, 0x0000000085100000|  0%| F|  |TAMS 0x0000000085000000| PB 0x0000000085000000| Untracked 
|  81|0x0000000085100000, 0x0000000085100000, 0x0000000085200000|  0%| F|  |TAMS 0x0000000085100000| PB 0x0000000085100000| Untracked 
|  82|0x0000000085200000, 0x0000000085200000, 0x0000000085300000|  0%| F|  |TAMS 0x0000000085200000| PB 0x0000000085200000| Untracked 
|  83|0x0000000085300000, 0x0000000085300000, 0x0000000085400000|  0%| F|  |TAMS 0x0000000085300000| PB 0x0000000085300000| Untracked 
|  84|0x0000000085400000, 0x0000000085400000, 0x0000000085500000|  0%| F|  |TAMS 0x0000000085400000| PB 0x0000000085400000| Untracked 
|  85|0x0000000085500000, 0x0000000085500000, 0x0000000085600000|  0%| F|  |TAMS 0x0000000085500000| PB 0x0000000085500000| Untracked 
|  86|0x0000000085600000, 0x0000000085600000, 0x0000000085700000|  0%| F|  |TAMS 0x0000000085600000| PB 0x0000000085600000| Untracked 
|  87|0x0000000085700000, 0x0000000085700000, 0x0000000085800000|  0%| F|  |TAMS 0x0000000085700000| PB 0x0000000085700000| Untracked 
|  88|0x0000000085800000, 0x0000000085800000, 0x0000000085900000|  0%| F|  |TAMS 0x0000000085800000| PB 0x0000000085800000| Untracked 
|  89|0x0000000085900000, 0x0000000085900000, 0x0000000085a00000|  0%| F|  |TAMS 0x0000000085900000| PB 0x0000000085900000| Untracked 
|  90|0x0000000085a00000, 0x0000000085a00000, 0x0000000085b00000|  0%| F|  |TAMS 0x0000000085a00000| PB 0x0000000085a00000| Untracked 
|  91|0x0000000085b00000, 0x0000000085b00000, 0x0000000085c00000|  0%| F|  |TAMS 0x0000000085b00000| PB 0x0000000085b00000| Untracked 
|  92|0x0000000085c00000, 0x0000000085c00000, 0x0000000085d00000|  0%| F|  |TAMS 0x0000000085c00000| PB 0x0000000085c00000| Untracked 
|  93|0x0000000085d00000, 0x0000000085d00000, 0x0000000085e00000|  0%| F|  |TAMS 0x0000000085d00000| PB 0x0000000085d00000| Untracked 
|  94|0x0000000085e00000, 0x0000000085e00000, 0x0000000085f00000|  0%| F|  |TAMS 0x0000000085e00000| PB 0x0000000085e00000| Untracked 
|  95|0x0000000085f00000, 0x0000000085f00000, 0x0000000086000000|  0%| F|  |TAMS 0x0000000085f00000| PB 0x0000000085f00000| Untracked 
|  96|0x0000000086000000, 0x0000000086000000, 0x0000000086100000|  0%| F|  |TAMS 0x0000000086000000| PB 0x0000000086000000| Untracked 
|  97|0x0000000086100000, 0x0000000086100000, 0x0000000086200000|  0%| F|  |TAMS 0x0000000086100000| PB 0x0000000086100000| Untracked 
|  98|0x0000000086200000, 0x0000000086200000, 0x0000000086300000|  0%| F|  |TAMS 0x0000000086200000| PB 0x0000000086200000| Untracked 
|  99|0x0000000086300000, 0x0000000086300000, 0x0000000086400000|  0%| F|  |TAMS 0x0000000086300000| PB 0x0000000086300000| Untracked 
| 100|0x0000000086400000, 0x0000000086400000, 0x0000000086500000|  0%| F|  |TAMS 0x0000000086400000| PB 0x0000000086400000| Untracked 
| 101|0x0000000086500000, 0x0000000086500000, 0x0000000086600000|  0%| F|  |TAMS 0x0000000086500000| PB 0x0000000086500000| Untracked 
| 102|0x0000000086600000, 0x0000000086600000, 0x0000000086700000|  0%| F|  |TAMS 0x0000000086600000| PB 0x0000000086600000| Untracked 
| 103|0x0000000086700000, 0x0000000086700000, 0x0000000086800000|  0%| F|  |TAMS 0x0000000086700000| PB 0x0000000086700000| Untracked 
| 104|0x0000000086800000, 0x0000000086800000, 0x0000000086900000|  0%| F|  |TAMS 0x0000000086800000| PB 0x0000000086800000| Untracked 
| 105|0x0000000086900000, 0x0000000086900000, 0x0000000086a00000|  0%| F|  |TAMS 0x0000000086900000| PB 0x0000000086900000| Untracked 
| 106|0x0000000086a00000, 0x0000000086a00000, 0x0000000086b00000|  0%| F|  |TAMS 0x0000000086a00000| PB 0x0000000086a00000| Untracked 
| 107|0x0000000086b00000, 0x0000000086b00000, 0x0000000086c00000|  0%| F|  |TAMS 0x0000000086b00000| PB 0x0000000086b00000| Untracked 
| 108|0x0000000086c00000, 0x0000000086c00000, 0x0000000086d00000|  0%| F|  |TAMS 0x0000000086c00000| PB 0x0000000086c00000| Untracked 
| 109|0x0000000086d00000, 0x0000000086d00000, 0x0000000086e00000|  0%| F|  |TAMS 0x0000000086d00000| PB 0x0000000086d00000| Untracked 
| 110|0x0000000086e00000, 0x0000000086e00000, 0x0000000086f00000|  0%| F|  |TAMS 0x0000000086e00000| PB 0x0000000086e00000| Untracked 
| 111|0x0000000086f00000, 0x0000000086f00000, 0x0000000087000000|  0%| F|  |TAMS 0x0000000086f00000| PB 0x0000000086f00000| Untracked 
| 112|0x0000000087000000, 0x0000000087000000, 0x0000000087100000|  0%| F|  |TAMS 0x0000000087000000| PB 0x0000000087000000| Untracked 
| 113|0x0000000087100000, 0x0000000087100000, 0x0000000087200000|  0%| F|  |TAMS 0x0000000087100000| PB 0x0000000087100000| Untracked 
| 114|0x0000000087200000, 0x0000000087200000, 0x0000000087300000|  0%| F|  |TAMS 0x0000000087200000| PB 0x0000000087200000| Untracked 
| 115|0x0000000087300000, 0x0000000087300000, 0x0000000087400000|  0%| F|  |TAMS 0x0000000087300000| PB 0x0000000087300000| Untracked 
| 116|0x0000000087400000, 0x0000000087400000, 0x0000000087500000|  0%| F|  |TAMS 0x0000000087400000| PB 0x0000000087400000| Untracked 
| 117|0x0000000087500000, 0x0000000087500000, 0x0000000087600000|  0%| F|  |TAMS 0x0000000087500000| PB 0x0000000087500000| Untracked 
|2047|0x00000000fff00000, 0x00000000fff00000, 0x0000000100000000|  0%| F|  |TAMS 0x00000000fff00000| PB 0x00000000fff00000| Untracked 

Card table byte_map: [0x000001fcc8a40000,0x000001fcc8e40000] _byte_map_base: 0x000001fcc8640000

Marking Bits: (CMBitMap*) 0x000001fcb60f1380
 Bits: [0x000001fcc8e40000, 0x000001fccae40000)

Polling page: 0x000001fcb4850000

Metaspace:

Usage:
  Non-class:     50.38 MB used.
      Class:      7.66 MB used.
       Both:     58.04 MB used.

Virtual space:
  Non-class space:       64.00 MB reserved,      51.00 MB ( 80%) committed,  1 nodes.
      Class space:        1.00 GB reserved,       8.31 MB ( <1%) committed,  1 nodes.
             Both:        1.06 GB reserved,      59.31 MB (  5%) committed. 

Chunk freelists:
   Non-Class:  12.38 MB
       Class:  7.73 MB
        Both:  20.10 MB

MaxMetaspaceSize: unlimited
CompressedClassSpaceSize: 1.00 GB
Initial GC threshold: 21.00 MB
Current GC threshold: 98.38 MB
CDS: off
 - commit_granule_bytes: 65536.
 - commit_granule_words: 8192.
 - virtual_space_node_default_size: 8388608.
 - enlarge_chunks_in_place: 1.
 - use_allocation_guard: 0.


Internal statistics:

num_allocs_failed_limit: 3.
num_arena_births: 2454.
num_arena_deaths: 4.
num_vsnodes_births: 2.
num_vsnodes_deaths: 0.
num_space_committed: 949.
num_space_uncommitted: 0.
num_chunks_returned_to_freelist: 10.
num_chunks_taken_from_freelist: 4659.
num_chunk_merges: 3.
num_chunk_splits: 3062.
num_chunks_enlarged: 1939.
num_inconsistent_stats: 0.

CodeHeap 'non-profiled nmethods': size=120064Kb used=5086Kb max_used=5086Kb free=114977Kb
 bounds [0x000001fcc0d00000, 0x000001fcc1200000, 0x000001fcc8240000]
CodeHeap 'profiled nmethods': size=120000Kb used=11392Kb max_used=11392Kb free=108607Kb
 bounds [0x000001fcb9240000, 0x000001fcb9d70000, 0x000001fcc0770000]
CodeHeap 'non-nmethods': size=5696Kb used=2708Kb max_used=2789Kb free=2987Kb
 bounds [0x000001fcc0770000, 0x000001fcc0a40000, 0x000001fcc0d00000]
 total_blobs=6806 nmethods=5944 adapters=765
 compilation: enabled
              stopped_count=0, restarted_count=0
 full_count=0

Compilation events (20 events):
Event: 131.177 Thread 0x000001fccd4ff540 nmethod 7577 0x000001fcc11f0690 code [0x000001fcc11f0860, 0x000001fcc11f0f98]
Event: 131.177 Thread 0x000001fccd4ff540 7566       4       java.util.Optional::isEmpty (13 bytes)
Event: 131.178 Thread 0x000001fccd4ff540 nmethod 7566 0x000001fcc11f1310 code [0x000001fcc11f14a0, 0x000001fcc11f1530]
Event: 131.178 Thread 0x000001fccd4ff540 7604   !   4       java.util.zip.ZipFile::getInputStream (275 bytes)
Event: 131.189 Thread 0x000001fccd58c4a0 7607       3       org.gradle.internal.classpath.CallInterceptionClosureInstrumentingClassVisitor::interfacesWithInstrumentableClosure (37 bytes)
Event: 131.190 Thread 0x000001fccd58c4a0 nmethod 7607 0x000001fcb9d60410 code [0x000001fcb9d60620, 0x000001fcb9d60c60]
Event: 131.197 Thread 0x000001fccd58c4a0 7608       2       com.google.common.collect.ObjectArrays::checkElementsNotNull (23 bytes)
Event: 131.198 Thread 0x000001fccd58c4a0 nmethod 7608 0x000001fcb9d60f10 code [0x000001fcb9d61120, 0x000001fcb9d61520]
Event: 131.210 Thread 0x000001fccd58c4a0 7611       3       java.util.Calendar::setTimeInMillis (84 bytes)
Event: 131.210 Thread 0x000001fccd58c4a0 nmethod 7611 0x000001fcb9d61790 code [0x000001fcb9d61960, 0x000001fcb9d61e00]
Event: 131.214 Thread 0x000001fccd58c4a0 7613       3       org.apache.commons.compress.archivers.zip.ZipUtil::toDosTime (103 bytes)
Event: 131.215 Thread 0x000001fccd58c4a0 nmethod 7613 0x000001fcb9d61f10 code [0x000001fcb9d621c0, 0x000001fcb9d63128]
Event: 131.243 Thread 0x000001fccd58c4a0 7614       2       java.util.concurrent.LinkedBlockingDeque$AbstractItr::hasNext (13 bytes)
Event: 131.243 Thread 0x000001fccd58c4a0 nmethod 7614 0x000001fcb9d63790 code [0x000001fcb9d63920, 0x000001fcb9d63a38]
Event: 131.457 Thread 0x000001fccd4ff540 nmethod 7604 0x000001fcc11f1610 code [0x000001fcc11f1b00, 0x000001fcc11f58a0]
Event: 131.457 Thread 0x000001fccd4ff540 7609       4       org.objectweb.asm.ClassReader::readMethod (1066 bytes)
Event: 131.524 Thread 0x000001fccd58c4a0 7615       3       org.gradle.internal.classpath.transforms.LambdaSerializationTransformer::isPrimitiveArgument (56 bytes)
Event: 131.524 Thread 0x000001fccd58c4a0 nmethod 7615 0x000001fcb9d63b10 code [0x000001fcb9d63cc0, 0x000001fcb9d63f60]
Event: 131.746 Thread 0x000001fccd58c4a0 7617   !   2       java.util.zip.Deflater::finish (23 bytes)
Event: 131.746 Thread 0x000001fccd58c4a0 nmethod 7617 0x000001fcb9d64010 code [0x000001fcb9d641c0, 0x000001fcb9d643b8]

GC Heap History (20 events):
Event: 113.981 GC heap after
{Heap after GC invocations=52 (full 0):
 garbage-first heap   total 121856K, used 59815K [0x0000000080000000, 0x0000000100000000)
  region size 1024K, 5 young (5120K), 5 survivors (5120K)
 Metaspace       used 58880K, committed 60224K, reserved 1114112K
  class space    used 7789K, committed 8448K, reserved 1048576K
}
Event: 117.951 GC heap before
{Heap before GC invocations=52 (full 0):
 garbage-first heap   total 121856K, used 108967K [0x0000000080000000, 0x0000000100000000)
  region size 1024K, 53 young (54272K), 5 survivors (5120K)
 Metaspace       used 58881K, committed 60224K, reserved 1114112K
  class space    used 7789K, committed 8448K, reserved 1048576K
}
Event: 117.962 GC heap after
{Heap after GC invocations=53 (full 0):
 garbage-first heap   total 121856K, used 59926K [0x0000000080000000, 0x0000000100000000)
  region size 1024K, 4 young (4096K), 4 survivors (4096K)
 Metaspace       used 58881K, committed 60224K, reserved 1114112K
  class space    used 7789K, committed 8448K, reserved 1048576K
}
Event: 118.792 GC heap before
{Heap before GC invocations=54 (full 0):
 garbage-first heap   total 121856K, used 110102K [0x0000000080000000, 0x0000000100000000)
  region size 1024K, 53 young (54272K), 4 survivors (4096K)
 Metaspace       used 58881K, committed 60224K, reserved 1114112K
  class space    used 7789K, committed 8448K, reserved 1048576K
}
Event: 118.929 GC heap after
{Heap after GC invocations=55 (full 0):
 garbage-first heap   total 121856K, used 60003K [0x0000000080000000, 0x0000000100000000)
  region size 1024K, 4 young (4096K), 4 survivors (4096K)
 Metaspace       used 58881K, committed 60224K, reserved 1114112K
  class space    used 7789K, committed 8448K, reserved 1048576K
}
Event: 120.187 GC heap before
{Heap before GC invocations=55 (full 0):
 garbage-first heap   total 121856K, used 110179K [0x0000000080000000, 0x0000000100000000)
  region size 1024K, 53 young (54272K), 4 survivors (4096K)
 Metaspace       used 58882K, committed 60224K, reserved 1114112K
  class space    used 7789K, committed 8448K, reserved 1048576K
}
Event: 120.197 GC heap after
{Heap after GC invocations=56 (full 0):
 garbage-first heap   total 121856K, used 60370K [0x0000000080000000, 0x0000000100000000)
  region size 1024K, 4 young (4096K), 4 survivors (4096K)
 Metaspace       used 58882K, committed 60224K, reserved 1114112K
  class space    used 7789K, committed 8448K, reserved 1048576K
}
Event: 121.032 GC heap before
{Heap before GC invocations=57 (full 0):
 garbage-first heap   total 121856K, used 110546K [0x0000000080000000, 0x0000000100000000)
  region size 1024K, 53 young (54272K), 4 survivors (4096K)
 Metaspace       used 58888K, committed 60224K, reserved 1114112K
  class space    used 7789K, committed 8448K, reserved 1048576K
}
Event: 121.168 GC heap after
{Heap after GC invocations=58 (full 0):
 garbage-first heap   total 121856K, used 61129K [0x0000000080000000, 0x0000000100000000)
  region size 1024K, 4 young (4096K), 4 survivors (4096K)
 Metaspace       used 58888K, committed 60224K, reserved 1114112K
  class space    used 7789K, committed 8448K, reserved 1048576K
}
Event: 121.784 GC heap before
{Heap before GC invocations=58 (full 0):
 garbage-first heap   total 121856K, used 110281K [0x0000000080000000, 0x0000000100000000)
  region size 1024K, 52 young (53248K), 4 survivors (4096K)
 Metaspace       used 58888K, committed 60224K, reserved 1114112K
  class space    used 7789K, committed 8448K, reserved 1048576K
}
Event: 121.920 GC heap after
{Heap after GC invocations=59 (full 0):
 garbage-first heap   total 121856K, used 61562K [0x0000000080000000, 0x0000000100000000)
  region size 1024K, 4 young (4096K), 4 survivors (4096K)
 Metaspace       used 58888K, committed 60224K, reserved 1114112K
  class space    used 7789K, committed 8448K, reserved 1048576K
}
Event: 123.177 GC heap before
{Heap before GC invocations=60 (full 0):
 garbage-first heap   total 121856K, used 109690K [0x0000000080000000, 0x0000000100000000)
  region size 1024K, 51 young (52224K), 4 survivors (4096K)
 Metaspace       used 58888K, committed 60224K, reserved 1114112K
  class space    used 7789K, committed 8448K, reserved 1048576K
}
Event: 123.187 GC heap after
{Heap after GC invocations=61 (full 0):
 garbage-first heap   total 121856K, used 61993K [0x0000000080000000, 0x0000000100000000)
  region size 1024K, 4 young (4096K), 4 survivors (4096K)
 Metaspace       used 58888K, committed 60224K, reserved 1114112K
  class space    used 7789K, committed 8448K, reserved 1048576K
}
Event: 126.701 GC heap before
{Heap before GC invocations=61 (full 0):
 garbage-first heap   total 121856K, used 110121K [0x0000000080000000, 0x0000000100000000)
  region size 1024K, 51 young (52224K), 4 survivors (4096K)
 Metaspace       used 59087K, committed 60416K, reserved 1114112K
  class space    used 7807K, committed 8448K, reserved 1048576K
}
Event: 126.706 GC heap after
{Heap after GC invocations=62 (full 0):
 garbage-first heap   total 121856K, used 57366K [0x0000000080000000, 0x0000000100000000)
  region size 1024K, 2 young (2048K), 2 survivors (2048K)
 Metaspace       used 59087K, committed 60416K, reserved 1114112K
  class space    used 7807K, committed 8448K, reserved 1048576K
}
Event: 129.015 GC heap before
{Heap before GC invocations=63 (full 0):
 garbage-first heap   total 121856K, used 111638K [0x0000000080000000, 0x0000000100000000)
  region size 1024K, 55 young (56320K), 2 survivors (2048K)
 Metaspace       used 59228K, committed 60544K, reserved 1114112K
  class space    used 7812K, committed 8448K, reserved 1048576K
}
Event: 129.029 GC heap after
{Heap after GC invocations=64 (full 0):
 garbage-first heap   total 121856K, used 58937K [0x0000000080000000, 0x0000000100000000)
  region size 1024K, 3 young (3072K), 3 survivors (3072K)
 Metaspace       used 59228K, committed 60544K, reserved 1114112K
  class space    used 7812K, committed 8448K, reserved 1048576K
}
Event: 129.532 GC heap before
{Heap before GC invocations=64 (full 0):
 garbage-first heap   total 121856K, used 111161K [0x0000000080000000, 0x0000000100000000)
  region size 1024K, 54 young (55296K), 3 survivors (3072K)
 Metaspace       used 59249K, committed 60544K, reserved 1114112K
  class space    used 7813K, committed 8448K, reserved 1048576K
}
Event: 129.673 GC heap after
{Heap after GC invocations=65 (full 0):
 garbage-first heap   total 121856K, used 59045K [0x0000000080000000, 0x0000000100000000)
  region size 1024K, 4 young (4096K), 4 survivors (4096K)
 Metaspace       used 59249K, committed 60544K, reserved 1114112K
  class space    used 7813K, committed 8448K, reserved 1048576K
}
Event: 131.760 GC heap before
{Heap before GC invocations=65 (full 0):
 garbage-first heap   total 121856K, used 109221K [0x0000000080000000, 0x0000000100000000)
  region size 1024K, 54 young (55296K), 4 survivors (4096K)
 Metaspace       used 59432K, committed 60736K, reserved 1114112K
  class space    used 7840K, committed 8512K, reserved 1048576K
}

Dll operation events (3 events):
Event: 0.187 Loaded shared library C:\Program Files\Android\Android Studio\jbr\bin\java.dll
Event: 0.205 Loaded shared library C:\Program Files\Android\Android Studio\jbr\bin\zip.dll
Event: 2.283 Loaded shared library C:\Program Files\Android\Android Studio\jbr\bin\verify.dll

Deoptimization events (20 events):
Event: 130.708 Thread 0x000001fcd2870cf0 DEOPT PACKING pc=0x000001fcc10b4118 sp=0x00000077049fe5f0
Event: 130.708 Thread 0x000001fcd2870cf0 DEOPT UNPACKING pc=0x000001fcc07c46a2 sp=0x00000077049fe3c0 mode 2
Event: 130.709 Thread 0x000001fcd2870cf0 Uncommon trap: trap_request=0xffffff45 fr.pc=0x000001fcc1043f18 relative=0x0000000000001e98
Event: 130.709 Thread 0x000001fcd2870cf0 Uncommon trap: reason=unstable_if action=reinterpret pc=0x000001fcc1043f18 method=org.apache.commons.compress.archivers.zip.ZipArchiveOutputStream.putArchiveEntry(Lorg/apache/commons/compress/archivers/ArchiveEntry;Z)V @ 268 c2
Event: 130.709 Thread 0x000001fcd2870cf0 DEOPT PACKING pc=0x000001fcc1043f18 sp=0x00000077049fe280
Event: 130.709 Thread 0x000001fcd2870cf0 DEOPT UNPACKING pc=0x000001fcc07c46a2 sp=0x00000077049fe188 mode 2
Event: 130.923 Thread 0x000001fcd286d1e0 DEOPT PACKING pc=0x000001fcb9c22292 sp=0x00000077048fdc70
Event: 130.923 Thread 0x000001fcd286d1e0 DEOPT UNPACKING pc=0x000001fcc07c4e42 sp=0x00000077048fd380 mode 0
Event: 130.934 Thread 0x000001fcd286d1e0 DEOPT PACKING pc=0x000001fcb9c22292 sp=0x00000077048fdc70
Event: 130.934 Thread 0x000001fcd286d1e0 DEOPT UNPACKING pc=0x000001fcc07c4e42 sp=0x00000077048fd380 mode 0
Event: 131.228 Thread 0x000001fcd286d1e0 DEOPT PACKING pc=0x000001fcb9c22acf sp=0x00000077048fdce0
Event: 131.229 Thread 0x000001fcd286d1e0 DEOPT UNPACKING pc=0x000001fcc07c4e42 sp=0x00000077048fd3f0 mode 0
Event: 131.505 Thread 0x000001fcd2870cf0 DEOPT PACKING pc=0x000001fcb9c22292 sp=0x00000077049fde50
Event: 131.505 Thread 0x000001fcd2870cf0 DEOPT UNPACKING pc=0x000001fcc07c4e42 sp=0x00000077049fd560 mode 0
Event: 131.692 Thread 0x000001fcd2870cf0 DEOPT PACKING pc=0x000001fcb9c22292 sp=0x00000077049fde50
Event: 131.692 Thread 0x000001fcd2870cf0 DEOPT UNPACKING pc=0x000001fcc07c4e42 sp=0x00000077049fd560 mode 0
Event: 131.715 Thread 0x000001fcd2870cf0 DEOPT PACKING pc=0x000001fcb9c22292 sp=0x00000077049fde50
Event: 131.715 Thread 0x000001fcd2870cf0 DEOPT UNPACKING pc=0x000001fcc07c4e42 sp=0x00000077049fd560 mode 0
Event: 131.726 Thread 0x000001fcd2870cf0 DEOPT PACKING pc=0x000001fcb9c22292 sp=0x00000077049fde50
Event: 131.726 Thread 0x000001fcd2870cf0 DEOPT UNPACKING pc=0x000001fcc07c4e42 sp=0x00000077049fd560 mode 0

Classes loaded (20 events):
Event: 61.536 Loading class java/util/HashMap$EntrySpliterator
Event: 61.536 Loading class java/util/HashMap$EntrySpliterator done
Event: 61.537 Loading class java/util/stream/SortedOps$OfRef
Event: 61.537 Loading class java/util/stream/ReferencePipeline$StatefulOp
Event: 61.537 Loading class java/util/stream/ReferencePipeline$StatefulOp done
Event: 61.537 Loading class java/util/stream/SortedOps$OfRef done
Event: 61.537 Loading class java/util/stream/SortedOps$RefSortingSink
Event: 61.537 Loading class java/util/stream/SortedOps$AbstractRefSortingSink
Event: 61.538 Loading class java/util/stream/SortedOps$AbstractRefSortingSink done
Event: 61.538 Loading class java/util/stream/SortedOps$RefSortingSink done
Event: 63.031 Loading class java/util/zip/ZipInputStream
Event: 63.031 Loading class java/util/zip/ZipInputStream done
Event: 64.238 Loading class java/lang/foreign/MemorySegment
Event: 64.441 Loading class java/lang/foreign/MemorySegment done
Event: 70.767 Loading class java/security/Key
Event: 70.767 Loading class java/security/Key done
Event: 126.688 Loading class java/lang/ThreadDeath
Event: 126.688 Loading class java/lang/ThreadDeath done
Event: 126.688 Loading class sun/misc/SharedSecrets
Event: 126.688 Loading class sun/misc/SharedSecrets done

Classes unloaded (5 events):
Event: 61.947 Thread 0x000001fccd2697e0 Unloading class 0x0000000100730548 '_BuildScript_$_run_closure1'
Event: 61.947 Thread 0x000001fccd2697e0 Unloading class 0x0000000100730000 '_BuildScript_'
Event: 65.178 Thread 0x000001fccd2697e0 Unloading class 0x00000001007a2400 '_BuildScript_$_run_closure1$_closure2'
Event: 65.178 Thread 0x000001fccd2697e0 Unloading class 0x00000001007a2000 '_BuildScript_$_run_closure1'
Event: 65.178 Thread 0x000001fccd2697e0 Unloading class 0x00000001007a1800 '_BuildScript_'

Classes redefined (0 events):
No events

Internal exceptions (20 events):
Event: 126.680 Thread 0x000001fcd22d8c30 Exception <a 'java/lang/ClassNotFoundException'{0x00000000849fa410}: sync_studio_tooling_9vtvczggmviwyet199e1l0f85Customizer> (0x00000000849fa410) 
thrown [s\src\hotspot\share\classfile\systemDictionary.cpp, line 312]
Event: 126.688 Thread 0x000001fcd22d8c30 Exception <a 'java/lang/ClassNotFoundException'{0x00000000848a77b0}: sun/misc/SharedSecrets> (0x00000000848a77b0) 
thrown [s\src\hotspot\share\classfile\systemDictionary.cpp, line 312]
Event: 126.688 Thread 0x000001fcd22d8c30 Exception <a 'java/lang/ClassNotFoundException'{0x00000000848a8af8}: org/gradle/util/GradleVersionBeanInfo> (0x00000000848a8af8) 
thrown [s\src\hotspot\share\classfile\systemDictionary.cpp, line 312]
Event: 126.689 Thread 0x000001fcd22d8c30 Exception <a 'java/lang/ClassNotFoundException'{0x00000000848b8568}: org/gradle/util/GradleVersionCustomizer> (0x00000000848b8568) 
thrown [s\src\hotspot\share\classfile\systemDictionary.cpp, line 312]
Event: 126.700 Thread 0x000001fcd22d8c30 Exception <a 'java/lang/ClassNotFoundException'{0x00000000848fa580}: org/gradle/util/internal/DefaultGradleVersionBeanInfo> (0x00000000848fa580) 
thrown [s\src\hotspot\share\classfile\systemDictionary.cpp, line 312]
Event: 126.960 Thread 0x000001fcd22d8c30 Exception <a 'java/lang/ClassNotFoundException'{0x00000000fff0a8d8}: org/gradle/util/internal/DefaultGradleVersionCustomizer> (0x00000000fff0a8d8) 
thrown [s\src\hotspot\share\classfile\systemDictionary.cpp, line 312]
Event: 130.487 Thread 0x000001fcd286d1e0 Exception <a 'sun/nio/fs/WindowsException'{0x0000000086a91cf8}> (0x0000000086a91cf8) 
thrown [s\src\hotspot\share\prims\jni.cpp, line 535]
Event: 130.499 Thread 0x000001fcd286d1e0 Exception <a 'sun/nio/fs/WindowsException'{0x0000000086aeaed0}> (0x0000000086aeaed0) 
thrown [s\src\hotspot\share\prims\jni.cpp, line 535]
Event: 130.500 Thread 0x000001fcd286d1e0 Exception <a 'sun/nio/fs/WindowsException'{0x0000000086aeb068}> (0x0000000086aeb068) 
thrown [s\src\hotspot\share\prims\jni.cpp, line 535]
Event: 130.513 Thread 0x000001fcd22d8c30 Exception <a 'java/lang/ClassNotFoundException'{0x0000000086955ae0}: ijInit1_8xfrwfzt094byxeelcmv4kd4zBeanInfo> (0x0000000086955ae0) 
thrown [s\src\hotspot\share\classfile\systemDictionary.cpp, line 312]
Event: 130.513 Thread 0x000001fcd22d8c30 Exception <a 'java/lang/ClassNotFoundException'{0x000000008695bfa8}: ijInit1_8xfrwfzt094byxeelcmv4kd4zCustomizer> (0x000000008695bfa8) 
thrown [s\src\hotspot\share\classfile\systemDictionary.cpp, line 312]
Event: 130.527 Thread 0x000001fcd22d8c30 Exception <a 'java/lang/ClassNotFoundException'{0x000000008699d348}: ijInit1_8xfrwfzt094byxeelcmv4kd4z$_run_closure1BeanInfo> (0x000000008699d348) 
thrown [s\src\hotspot\share\classfile\systemDictionary.cpp, line 312]
Event: 130.527 Thread 0x000001fcd22d8c30 Exception <a 'java/lang/ClassNotFoundException'{0x00000000869a43f0}: ijInit1_8xfrwfzt094byxeelcmv4kd4z$_run_closure1Customizer> (0x00000000869a43f0) 
thrown [s\src\hotspot\share\classfile\systemDictionary.cpp, line 312]
Event: 130.706 Thread 0x000001fcd2870cf0 Exception <a 'sun/nio/fs/WindowsException'{0x0000000086891d60}> (0x0000000086891d60) 
thrown [s\src\hotspot\share\prims\jni.cpp, line 535]
Event: 130.771 Thread 0x000001fcd286d1e0 Exception <a 'sun/nio/fs/WindowsException'{0x00000000866bad08}> (0x00000000866bad08) 
thrown [s\src\hotspot\share\prims\jni.cpp, line 535]
Event: 131.015 Thread 0x000001fcd2870cf0 Exception <a 'sun/nio/fs/WindowsException'{0x000000008613a758}> (0x000000008613a758) 
thrown [s\src\hotspot\share\prims\jni.cpp, line 535]
Event: 131.017 Thread 0x000001fcd2870cf0 Exception <a 'sun/nio/fs/WindowsException'{0x000000008613a930}> (0x000000008613a930) 
thrown [s\src\hotspot\share\prims\jni.cpp, line 535]
Event: 131.494 Thread 0x000001fcd2870cf0 Exception <a 'sun/nio/fs/WindowsException'{0x0000000085606478}> (0x0000000085606478) 
thrown [s\src\hotspot\share\prims\jni.cpp, line 535]
Event: 131.512 Thread 0x000001fcd286d1e0 Exception <a 'sun/nio/fs/WindowsException'{0x000000008552d658}> (0x000000008552d658) 
thrown [s\src\hotspot\share\prims\jni.cpp, line 535]
Event: 131.518 Thread 0x000001fcd286d1e0 Exception <a 'sun/nio/fs/WindowsException'{0x000000008552d7f0}> (0x000000008552d7f0) 
thrown [s\src\hotspot\share\prims\jni.cpp, line 535]

ZGC Phase Switch (0 events):
No events

VM Operations (20 events):
Event: 125.204 Executing VM operation: Cleanup done
Event: 126.214 Executing VM operation: Cleanup
Event: 126.225 Executing VM operation: Cleanup done
Event: 126.700 Executing VM operation: G1CollectForAllocation (G1 Evacuation Pause)
Event: 126.706 Executing VM operation: G1CollectForAllocation (G1 Evacuation Pause) done
Event: 126.935 Executing VM operation: G1PauseRemark
Event: 126.958 Executing VM operation: G1PauseRemark done
Event: 126.992 Executing VM operation: G1PauseCleanup
Event: 126.992 Executing VM operation: G1PauseCleanup done
Event: 128.005 Executing VM operation: Cleanup
Event: 128.005 Executing VM operation: Cleanup done
Event: 129.015 Executing VM operation: G1CollectForAllocation (G1 Evacuation Pause)
Event: 129.029 Executing VM operation: G1CollectForAllocation (G1 Evacuation Pause) done
Event: 129.532 Executing VM operation: G1CollectForAllocation (G1 Evacuation Pause)
Event: 129.673 Executing VM operation: G1CollectForAllocation (G1 Evacuation Pause) done
Event: 130.684 Executing VM operation: Cleanup
Event: 130.684 Executing VM operation: Cleanup done
Event: 131.686 Executing VM operation: Cleanup
Event: 131.686 Executing VM operation: Cleanup done
Event: 131.760 Executing VM operation: G1CollectForAllocation (G1 Evacuation Pause)

Memory protections (0 events):
No events

Nmethod flushes (20 events):
Event: 126.957 Thread 0x000001fccd2697e0 flushing  nmethod 0x000001fcc112aa90
Event: 126.957 Thread 0x000001fccd2697e0 flushing  nmethod 0x000001fcb9420a90
Event: 126.957 Thread 0x000001fccd2697e0 flushing  nmethod 0x000001fcb95f4390
Event: 126.957 Thread 0x000001fccd2697e0 flushing  nmethod 0x000001fcb9bdcc10
Event: 126.957 Thread 0x000001fccd2697e0 flushing  nmethod 0x000001fcb9bed590
Event: 126.957 Thread 0x000001fccd2697e0 flushing  nmethod 0x000001fcb9beda10
Event: 126.957 Thread 0x000001fccd2697e0 flushing  nmethod 0x000001fcb9c7de10
Event: 126.957 Thread 0x000001fccd2697e0 flushing  nmethod 0x000001fcb9c8ca10
Event: 126.957 Thread 0x000001fccd2697e0 flushing  nmethod 0x000001fcb9cd5190
Event: 126.957 Thread 0x000001fccd2697e0 flushing  nmethod 0x000001fcc1083f10
Event: 126.957 Thread 0x000001fccd2697e0 flushing  nmethod 0x000001fcc10a3e90
Event: 126.957 Thread 0x000001fccd2697e0 flushing  nmethod 0x000001fcc1152b90
Event: 126.957 Thread 0x000001fccd2697e0 flushing  nmethod 0x000001fcc115e610
Event: 126.957 Thread 0x000001fccd2697e0 flushing  nmethod 0x000001fcb9bd6190
Event: 126.957 Thread 0x000001fccd2697e0 flushing  nmethod 0x000001fcb9d08e10
Event: 126.957 Thread 0x000001fccd2697e0 flushing  nmethod 0x000001fcb9d09890
Event: 126.957 Thread 0x000001fccd2697e0 flushing  nmethod 0x000001fcb9d0b410
Event: 126.957 Thread 0x000001fccd2697e0 flushing  nmethod 0x000001fcb9d16290
Event: 126.957 Thread 0x000001fccd2697e0 flushing  nmethod 0x000001fcb9d16e10
Event: 126.957 Thread 0x000001fccd2697e0 flushing  nmethod 0x000001fcb9d17f10

Events (20 events):
Event: 11.538 Thread 0x000001fcd22d6b60 Thread added: 0x000001fcd22d9950
Event: 11.543 Thread 0x000001fcd22d9950 Thread added: 0x000001fcd22d7f10
Event: 11.985 Thread 0x000001fcd22d9950 Thread added: 0x000001fcd22d85a0
Event: 11.998 Thread 0x000001fcd22d9950 Thread added: 0x000001fcd22d8c30
Event: 12.206 Thread 0x000001fcd22d8c30 Thread added: 0x000001fcd22d9fe0
Event: 12.213 Thread 0x000001fcd22d8c30 Thread added: 0x000001fcd22d92c0
Event: 12.217 Thread 0x000001fcd22d8c30 Thread added: 0x000001fcd286ec20
Event: 14.685 Thread 0x000001fcd22d8c30 Thread added: 0x000001fcd286f2b0
Event: 14.714 Thread 0x000001fcd22d8c30 Thread added: 0x000001fcd286f940
Event: 17.548 Thread 0x000001fcd22d8c30 Thread added: 0x000001fcd286ffd0
Event: 24.281 Thread 0x000001fcd22d8c30 Thread added: 0x000001fcd286cb50
Event: 24.292 Thread 0x000001fcd22d8c30 Thread added: 0x000001fcd286e590
Event: 36.162 Thread 0x000001fcd22d8c30 Thread added: 0x000001fcd286d1e0
Event: 36.163 Thread 0x000001fcd22d8c30 Thread added: 0x000001fcd2870cf0
Event: 42.251 Thread 0x000001fcd22d8c30 Thread added: 0x000001fcd286d870
Event: 43.186 Thread 0x000001fcd22d8c30 Thread added: 0x000001fcd286df00
Event: 43.724 Thread 0x000001fcd22d8c30 Thread added: 0x000001fcd2872730
Event: 43.756 Thread 0x000001fcd22d8c30 Thread added: 0x000001fcd2871380
Event: 45.232 Thread 0x000001fcd22d8c30 Thread added: 0x000001fcd2872dc0
Event: 47.492 Thread 0x000001fcd22d8c30 Thread added: 0x000001fcd28720a0


Dynamic libraries:
0x00007ff66c9b0000 - 0x00007ff66c9ba000 	C:\Program Files\Android\Android Studio\jbr\bin\java.exe
0x00007ff9d7140000 - 0x00007ff9d73a3000 	C:\Windows\SYSTEM32\ntdll.dll
0x00007ff9d6ce0000 - 0x00007ff9d6da7000 	C:\Windows\System32\KERNEL32.DLL
0x00007ff9d4610000 - 0x00007ff9d49d9000 	C:\Windows\System32\KERNELBASE.dll
0x00007ff9d4340000 - 0x00007ff9d448c000 	C:\Windows\System32\ucrtbase.dll
0x00007ff9cdb70000 - 0x00007ff9cdb88000 	C:\Program Files\Android\Android Studio\jbr\bin\jli.dll
0x00007ff9d6b10000 - 0x00007ff9d6cda000 	C:\Windows\System32\USER32.dll
0x00007ff9d4550000 - 0x00007ff9d4577000 	C:\Windows\System32\win32u.dll
0x00007ff9d6f00000 - 0x00007ff9d6f2a000 	C:\Windows\System32\GDI32.dll
0x00007ff9d4b60000 - 0x00007ff9d4c91000 	C:\Windows\System32\gdi32full.dll
0x00007ff9d4eb0000 - 0x00007ff9d4f53000 	C:\Windows\System32\msvcp_win.dll
0x00007ff9c82b0000 - 0x00007ff9c82cb000 	C:\Program Files\Android\Android Studio\jbr\bin\VCRUNTIME140.dll
0x00007ff9cead0000 - 0x00007ff9ced60000 	C:\Windows\WinSxS\amd64_microsoft.windows.common-controls_6595b64144ccf1df_6.0.26100.3323_none_3e088096e3344490\COMCTL32.dll
0x00007ff9d7050000 - 0x00007ff9d70f9000 	C:\Windows\System32\msvcrt.dll
0x00007ff9d6380000 - 0x00007ff9d63af000 	C:\Windows\System32\IMM32.DLL
0x00007ff9cf060000 - 0x00007ff9cf06c000 	C:\Program Files\Android\Android Studio\jbr\bin\vcruntime140_1.dll
0x00007ff9c8340000 - 0x00007ff9c83cd000 	C:\Program Files\Android\Android Studio\jbr\bin\msvcp140.dll
0x00007ff9a1510000 - 0x00007ff9a219a000 	C:\Program Files\Android\Android Studio\jbr\bin\server\jvm.dll
0x00007ff9d6a40000 - 0x00007ff9d6af2000 	C:\Windows\System32\ADVAPI32.dll
0x00007ff9d4f70000 - 0x00007ff9d5016000 	C:\Windows\System32\sechost.dll
0x00007ff9d6f30000 - 0x00007ff9d7046000 	C:\Windows\System32\RPCRT4.dll
0x00007ff9d69c0000 - 0x00007ff9d6a34000 	C:\Windows\System32\WS2_32.dll
0x00007ff9d41f0000 - 0x00007ff9d423e000 	C:\Windows\SYSTEM32\POWRPROF.dll
0x00007ff9cc910000 - 0x00007ff9cc946000 	C:\Windows\SYSTEM32\WINMM.dll
0x00007ff9c7fc0000 - 0x00007ff9c7fcb000 	C:\Windows\SYSTEM32\VERSION.dll
0x00007ff9d41d0000 - 0x00007ff9d41e4000 	C:\Windows\SYSTEM32\UMPDC.dll
0x00007ff9d2590000 - 0x00007ff9d25aa000 	C:\Windows\SYSTEM32\kernel.appcore.dll
0x00007ff9cdc50000 - 0x00007ff9cdc5a000 	C:\Program Files\Android\Android Studio\jbr\bin\jimage.dll
0x00007ff9c7780000 - 0x00007ff9c79c1000 	C:\Windows\SYSTEM32\DBGHELP.DLL
0x00007ff9d5300000 - 0x00007ff9d5682000 	C:\Windows\System32\combase.dll
0x00007ff9d62a0000 - 0x00007ff9d6376000 	C:\Windows\System32\OLEAUT32.dll
0x00007ff9c5d50000 - 0x00007ff9c5d89000 	C:\Windows\SYSTEM32\dbgcore.DLL
0x00007ff9d4ca0000 - 0x00007ff9d4d39000 	C:\Windows\System32\bcryptPrimitives.dll
0x00007ff9cf0d0000 - 0x00007ff9cf0de000 	C:\Program Files\Android\Android Studio\jbr\bin\instrument.dll
0x00007ff9c8090000 - 0x00007ff9c80b0000 	C:\Program Files\Android\Android Studio\jbr\bin\java.dll
0x00007ff9c4a40000 - 0x00007ff9c4a58000 	C:\Program Files\Android\Android Studio\jbr\bin\zip.dll
0x00007ff9d5690000 - 0x00007ff9d5da5000 	C:\Windows\System32\SHELL32.dll
0x00007ff9d4d40000 - 0x00007ff9d4ea8000 	C:\Windows\System32\wintypes.dll
0x00007ff9cde50000 - 0x00007ff9ce695000 	C:\Windows\SYSTEM32\windows.storage.dll
0x00007ff9d5210000 - 0x00007ff9d52fb000 	C:\Windows\System32\SHCORE.dll
0x00007ff9d6e30000 - 0x00007ff9d6e8d000 	C:\Windows\System32\shlwapi.dll
0x00007ff9d4250000 - 0x00007ff9d427f000 	C:\Windows\SYSTEM32\profapi.dll
0x00007ff9cceb0000 - 0x00007ff9ccec0000 	C:\Program Files\Android\Android Studio\jbr\bin\net.dll
0x00007ff9cd170000 - 0x00007ff9cd28e000 	C:\Windows\SYSTEM32\WINHTTP.dll
0x00007ff9d3680000 - 0x00007ff9d36ea000 	C:\Windows\system32\mswsock.dll
0x00007ff9c31f0000 - 0x00007ff9c3206000 	C:\Program Files\Android\Android Studio\jbr\bin\nio.dll
0x00007ff9ca2b0000 - 0x00007ff9ca2c0000 	C:\Program Files\Android\Android Studio\jbr\bin\verify.dll
0x00007ff9c99f0000 - 0x00007ff9c9a17000 	C:\Users\ibcmserver2025\.gradle\native\c067742578af261105cb4f569cf0c3c89f3d7b1fecec35dd04571415982c5e48\windows-amd64\native-platform.dll
0x00007ff9b8490000 - 0x00007ff9b85d4000 	C:\Users\ibcmserver2025\.gradle\native\38dada09dfb8b06ba9b0570ebf7e218e3eb74d4ef43ca46872605cf95ebc2f47\windows-amd64\native-platform-file-events.dll
0x00007ff9ccd60000 - 0x00007ff9ccd69000 	C:\Program Files\Android\Android Studio\jbr\bin\management.dll
0x00007ff9ccc80000 - 0x00007ff9ccc8b000 	C:\Program Files\Android\Android Studio\jbr\bin\management_ext.dll
0x00007ff9d69b0000 - 0x00007ff9d69b8000 	C:\Windows\System32\PSAPI.DLL
0x00007ff9d3920000 - 0x00007ff9d393c000 	C:\Windows\SYSTEM32\CRYPTSP.dll
0x00007ff9d31e0000 - 0x00007ff9d321a000 	C:\Windows\system32\rsaenh.dll
0x00007ff9d3720000 - 0x00007ff9d374b000 	C:\Windows\SYSTEM32\USERENV.dll
0x00007ff9d3b60000 - 0x00007ff9d3b86000 	C:\Windows\SYSTEM32\bcrypt.dll
0x00007ff9d3940000 - 0x00007ff9d394c000 	C:\Windows\SYSTEM32\CRYPTBASE.dll
0x00007ff9d2ce0000 - 0x00007ff9d2d13000 	C:\Windows\SYSTEM32\IPHLPAPI.DLL
0x00007ff9d4f60000 - 0x00007ff9d4f6a000 	C:\Windows\System32\NSI.dll
0x00007ff9ccda0000 - 0x00007ff9ccda9000 	C:\Program Files\Android\Android Studio\jbr\bin\extnet.dll
0x00007ff9c7680000 - 0x00007ff9c7688000 	C:\Windows\system32\wshunix.dll
0x00007ff9d3280000 - 0x00007ff9d32b5000 	C:\Windows\SYSTEM32\ntmarta.dll
0x00007ff9bc350000 - 0x00007ff9bc3e8000 	C:\Windows\SYSTEM32\symsrv.dll
0x00007ff9d49e0000 - 0x00007ff9d4b57000 	C:\Windows\System32\CRYPT32.dll

dbghelp: loaded successfully - version: 4.0.5 - missing functions: none
symbol engine: initialized successfully - sym options: 0x614 - pdb path: .;C:\Program Files\Android\Android Studio\jbr\bin;C:\Windows\SYSTEM32;C:\Windows\WinSxS\amd64_microsoft.windows.common-controls_6595b64144ccf1df_6.0.26100.3323_none_3e088096e3344490;C:\Program Files\Android\Android Studio\jbr\bin\server;C:\Users\ibcmserver2025\.gradle\native\c067742578af261105cb4f569cf0c3c89f3d7b1fecec35dd04571415982c5e48\windows-amd64;C:\Users\ibcmserver2025\.gradle\native\38dada09dfb8b06ba9b0570ebf7e218e3eb74d4ef43ca46872605cf95ebc2f47\windows-amd64

VM Arguments:
jvm_args: --add-opens=java.base/java.util=ALL-UNNAMED --add-opens=java.base/java.lang=ALL-UNNAMED --add-opens=java.base/java.lang.invoke=ALL-UNNAMED --add-opens=java.prefs/java.util.prefs=ALL-UNNAMED --add-opens=java.base/java.nio.charset=ALL-UNNAMED --add-opens=java.base/java.net=ALL-UNNAMED --add-opens=java.base/java.util.concurrent.atomic=ALL-UNNAMED -Xmx2048m -Dfile.encoding=UTF-8 -Duser.country=US -Duser.language=en -Duser.variant -javaagent:C:\Users\ibcmserver2025\.gradle\wrapper\dists\gradle-8.5-bin\5t9huq95ubn472n8rpzujfbqh\gradle-8.5\lib\agents\gradle-instrumentation-agent-8.5.jar 
java_command: org.gradle.launcher.daemon.bootstrap.GradleDaemon 8.5
java_class_path (initial): C:\Users\ibcmserver2025\.gradle\wrapper\dists\gradle-8.5-bin\5t9huq95ubn472n8rpzujfbqh\gradle-8.5\lib\gradle-launcher-8.5.jar
Launcher Type: SUN_STANDARD

[Global flags]
     intx CICompilerCount                          = 2                                         {product} {ergonomic}
     uint ConcGCThreads                            = 1                                         {product} {ergonomic}
     uint G1ConcRefinementThreads                  = 2                                         {product} {ergonomic}
   size_t G1HeapRegionSize                         = 1048576                                   {product} {ergonomic}
    uintx GCDrainStackTargetSize                   = 64                                        {product} {ergonomic}
   size_t InitialHeapSize                          = 67108864                                  {product} {ergonomic}
   size_t MarkStackSize                            = 4194304                                   {product} {ergonomic}
   size_t MaxHeapSize                              = 2147483648                                {product} {command line}
   size_t MaxNewSize                               = 1287651328                                {product} {ergonomic}
   size_t MinHeapDeltaBytes                        = 1048576                                   {product} {ergonomic}
   size_t MinHeapSize                              = 8388608                                   {product} {ergonomic}
    uintx NonNMethodCodeHeapSize                   = 5826188                                {pd product} {ergonomic}
    uintx NonProfiledCodeHeapSize                  = 122916026                              {pd product} {ergonomic}
    uintx ProfiledCodeHeapSize                     = 122916026                              {pd product} {ergonomic}
    uintx ReservedCodeCacheSize                    = 251658240                              {pd product} {ergonomic}
     bool SegmentedCodeCache                       = true                                      {product} {ergonomic}
   size_t SoftMaxHeapSize                          = 2147483648                             {manageable} {ergonomic}
     bool UseCompressedOops                        = true                           {product lp64_product} {ergonomic}
     bool UseG1GC                                  = true                                      {product} {ergonomic}
     bool UseLargePagesIndividualAllocation        = false                                  {pd product} {ergonomic}

Logging:
Log output configuration:
 #0: stdout all=warning uptime,level,tags foldmultilines=false
 #1: stderr all=off uptime,level,tags foldmultilines=false

Environment Variables:
PATH=C:\Windows\system32;C:\Windows;C:\Windows\System32\Wbem;C:\Windows\System32\WindowsPowerShell\v1.0\;C:\Windows\System32\OpenSSH\;C:\ProgramData\GooGet;C:\Program Files\Google\Compute Engine\metadata_scripts;C:\Program Files (x86)\Google\Cloud SDK\google-cloud-sdk\bin;C:\Program Files\PowerShell\7\;C:\Program Files\Google\Compute Engine\sysprep;C:\Program Files\Git\cmd;C:\Users\ibcmserver2025\AppData\Local\Microsoft\WindowsApps;C:\Users\ibcmserver2025\AppData\Local\Programs\cursor\resources\app\bin
USERNAME=ibcmserver2025
OS=Windows_NT
PROCESSOR_IDENTIFIER=Intel64 Family 6 Model 79 Stepping 0, GenuineIntel
TMP=C:\Users\IBCMSE~1\AppData\Local\Temp\2
TEMP=C:\Users\IBCMSE~1\AppData\Local\Temp\2




Periodic native trim disabled

JNI global refs:
JNI global refs: 26, weak refs: 9

JNI global refs memory usage: 835, weak refs: 833

Process memory usage:
Resident Set Size: 310504K (7% of 4190568K total physical memory with 446008K free physical memory)

OOME stack traces (most recent first):
Classloader memory used:
Loader org.gradle.internal.classloader.VisitableURLClassLoader                         : 29862K
Loader bootstrap                                                                       : 22304K
Loader org.gradle.initialization.MixInLegacyTypesClassLoader                           : 5556K
Loader org.gradle.internal.classloader.VisitableURLClassLoader                         : 714K
Loader jdk.internal.loader.ClassLoaders$PlatformClassLoader                            : 513K
Loader jdk.internal.loader.ClassLoaders$AppClassLoader                                 : 227K
Loader jdk.internal.reflect.DelegatingClassLoader                                      : 143K
Loader org.gradle.groovy.scripts.internal.DefaultScriptCompilationHandler$ScriptClassLoader: 72496B
Loader groovy.lang.GroovyClassLoader$InnerLoader                                       : 24560B
Loader org.codehaus.groovy.runtime.callsite.CallSiteClassLoader                        : 14952B

Classes loaded by more than one classloader:
Class org.gradle.api.GradleException                                                  : loaded 3 times (x 78B)
Class org.gradle.internal.classloader.FilteringClassLoader                            : loaded 2 times (x 101B)
Class org.gradle.internal.classloader.ClassLoaderHierarchy                            : loaded 2 times (x 66B)
Class org.gradle.api.internal.classpath.ManifestUtil                                  : loaded 2 times (x 67B)
Class org.gradle.internal.operations.MultipleBuildOperationFailures                   : loaded 2 times (x 91B)
Class org.gradle.internal.classloader.DefaultClassLoaderFactory                       : loaded 2 times (x 78B)
Class org.gradle.internal.classloader.ClassLoaderVisitor                              : loaded 2 times (x 72B)
Class org.gradle.api.internal.classpath.EffectiveClassPath                            : loaded 2 times (x 86B)
Class org.gradle.api.internal.DefaultClassPathProvider                                : loaded 2 times (x 72B)
Class [Lorg.gradle.api.internal.ClassPathProvider;                                    : loaded 2 times (x 65B)
Class org.gradle.api.internal.ClassPathProvider                                       : loaded 2 times (x 66B)
Class org.gradle.internal.service.UnknownServiceException                             : loaded 2 times (x 79B)
Class org.gradle.internal.classpath.TransformedClassPath                              : loaded 2 times (x 92B)
Class _BuildScript_                                                                   : loaded 2 times (x 169B)
Class org.gradle.internal.service.ServiceLocator                                      : loaded 2 times (x 66B)
Class org.gradle.internal.InternalTransformer                                         : loaded 2 times (x 66B)
Class org.gradle.internal.time.DefaultTimer                                           : loaded 2 times (x 76B)
Class org.gradle.internal.classloader.ClasspathUtil$1                                 : loaded 2 times (x 72B)
Class org.gradle.api.internal.classpath.DefaultModuleRegistry$DefaultModule           : loaded 2 times (x 82B)
Class org.gradle.internal.time.DefaultCountdownTimer                                  : loaded 2 times (x 84B)
Class kotlin.Function                                                                 : loaded 2 times (x 66B)
Class org.gradle.api.internal.classpath.Module                                        : loaded 2 times (x 66B)
Class org.gradle.api.internal.classpath.UnknownModuleException                        : loaded 2 times (x 78B)
Class org.gradle.cache.GlobalCache                                                    : loaded 2 times (x 66B)
Class org.gradle.api.internal.DefaultClassPathRegistry                                : loaded 2 times (x 72B)
Class org.gradle.api.internal.ClassPathRegistry                                       : loaded 2 times (x 66B)
Class org.gradle.internal.classpath.DefaultClassPath$ImmutableUniqueList              : loaded 2 times (x 195B)
Class org.gradle.internal.classpath.ClassPath                                         : loaded 2 times (x 66B)
Class org.gradle.api.UncheckedIOException                                             : loaded 2 times (x 78B)
Class kotlin.UninitializedPropertyAccessException                                     : loaded 2 times (x 78B)
Class _BuildScript_$_run_closure1                                                     : loaded 2 times (x 128B)
Class org.gradle.internal.installation.GradleInstallation$1                           : loaded 2 times (x 71B)
Class org.gradle.api.internal.classpath.ModuleRegistry                                : loaded 2 times (x 66B)
Class sync_studio_tooling_9vtvczggmviwyet199e1l0f85                                   : loaded 2 times (x 175B)
Class org.gradle.api.internal.classpath.DefaultModuleRegistry                         : loaded 2 times (x 82B)
Class org.gradle.internal.time.MonotonicClock                                         : loaded 2 times (x 73B)
Class org.gradle.internal.service.ServiceLookupException                              : loaded 2 times (x 78B)
Class org.gradle.internal.classloader.ClassLoaderFactory                              : loaded 2 times (x 66B)
Class org.gradle.internal.service.CachingServiceLocator                               : loaded 2 times (x 78B)
Class org.gradle.internal.time.TimeSource                                             : loaded 2 times (x 66B)
Class org.gradle.internal.exceptions.ResolutionProvider                               : loaded 2 times (x 66B)
Class org.gradle.internal.classloader.ClasspathUtil                                   : loaded 2 times (x 67B)
Class org.gradle.internal.time.TimeSource$1                                           : loaded 2 times (x 73B)
Class org.gradle.api.specs.Spec                                                       : loaded 2 times (x 66B)
Class org.gradle.internal.time.Clock                                                  : loaded 2 times (x 66B)
Class org.gradle.internal.classloader.VisitableURLClassLoader$InstrumentingVisitableURLClassLoader: loaded 2 times (x 119B)
Class org.gradle.internal.classloader.VisitableURLClassLoader$Spec                    : loaded 2 times (x 70B)
Class org.gradle.internal.classpath.DefaultClassPath                                  : loaded 2 times (x 86B)
Class org.gradle.internal.classloader.ClassLoaderSpec                                 : loaded 2 times (x 67B)
Class org.gradle.internal.classloader.VisitableURLClassLoader                         : loaded 2 times (x 113B)
Class org.gradle.internal.Cast                                                        : loaded 2 times (x 67B)
Class org.gradle.api.Action                                                           : loaded 2 times (x 66B)
Class org.gradle.internal.agents.InstrumentingClassLoader                             : loaded 2 times (x 66B)
Class org.gradle.internal.classpath.DefaultClassPath$ImmutableUniqueList$Builder      : loaded 2 times (x 71B)
Class kotlin.NotImplementedError                                                      : loaded 2 times (x 78B)
Class org.gradle.internal.exceptions.NonGradleCauseExceptionsHolder                   : loaded 2 times (x 66B)
Class sync_studio_tooling_9vtvczggmviwyet199e1l0f85$_run_closure1                     : loaded 2 times (x 135B)
Class org.gradle.internal.IoActions                                                   : loaded 2 times (x 67B)
Class org.gradle.internal.classloader.SystemClassLoaderSpec                           : loaded 2 times (x 67B)
Class org.gradle.internal.exceptions.MultiCauseException                              : loaded 2 times (x 66B)
Class org.gradle.internal.time.CountdownTimer                                         : loaded 2 times (x 66B)
Class kotlin.jvm.internal.Intrinsics                                                  : loaded 2 times (x 67B)
Class org.gradle.tooling.model.ProjectModel                                           : loaded 2 times (x 66B)
Class kotlin.KotlinNullPointerException                                               : loaded 2 times (x 79B)
Class org.gradle.internal.exceptions.DefaultMultiCauseException                       : loaded 2 times (x 91B)
Class org.gradle.internal.time.Time                                                   : loaded 2 times (x 67B)
Class org.gradle.internal.time.Timer                                                  : loaded 2 times (x 66B)
Class org.gradle.internal.installation.CurrentGradleInstallationLocator               : loaded 2 times (x 67B)
Class org.gradle.internal.service.DefaultServiceLocator                               : loaded 2 times (x 79B)
Class org.gradle.util.GradleVersion                                                   : loaded 2 times (x 79B)
Class org.gradle.internal.installation.CurrentGradleInstallation                      : loaded 2 times (x 69B)
Class org.gradle.util.internal.GUtil                                                  : loaded 2 times (x 67B)
Class org.gradle.internal.installation.GradleInstallation                             : loaded 2 times (x 71B)

---------------  S Y S T E M  ---------------

OS:
 Windows Server 2022 , 64 bit Build 26100 (10.0.26100.3323)
OS uptime: 0 days 2:52 hours
KVM virtualization detected

CPU: total 2 (initial active 2) (1 cores per cpu, 2 threads per core) family 6 model 79 stepping 0 microcode 0xffffffff, cx8, cmov, fxsr, ht, mmx, 3dnowpref, sse, sse2, sse3, ssse3, sse4.1, sse4.2, popcnt, lzcnt, tsc, tscinvbit, avx, avx2, aes, erms, clmul, bmi1, bmi2, rtm, adx, fma, vzeroupper, clflush, hv, rdtscp, f16c
Processor Information for all 2 processors :
  Max Mhz: 2200, Current Mhz: 2200, Mhz Limit: 2200

Memory: 4k page, system-wide physical 4092M (435M free)
TotalPageFile size 5116M (AvailPageFile size 122M)
current process WorkingSet (physical memory assigned to process): 303M, peak: 324M
current process commit charge ("private bytes"): 322M, peak: 486M

vm_info: OpenJDK 64-Bit Server VM (21.0.5+-12932927-b750.29) for windows-amd64 JRE (21.0.5+-12932927-b750.29), built on 2025-01-17T02:01:10Z by "builder" with MS VC++ 16.10 / 16.11 (VS2019)

END.
